2017-11-19 10:36:01,119 [Worker-19] INFO  o.e.m.c.i.p.ProjectConfigurationManager - Collecting project info '/pom.xml' C:\Users\amynam\Documents\GitHub\IPY_I-Peek-You\ipyservices\ipyservices\pom.xml
2017-11-19 10:36:02,542 [Worker-19] INFO  o.e.m.c.i.l.LifecycleMappingFactory - Using org.eclipse.m2e.jdt.JarLifecycleMapping lifecycle mapping for MavenProject: com.ipyservices:ipyservices:0.0.1-SNAPSHOT @ C:\Users\amynam\Documents\GitHub\IPY_I-Peek-You\ipyservices\ipyservices\pom.xml.
2017-11-19 10:36:03,713 [Worker-19] INFO  o.e.m.j.i.AbstractJavaProjectConfigurator - Adding source folder /ipyservices/src/main/java
2017-11-19 10:36:03,721 [Worker-19] INFO  o.e.m.j.i.AbstractJavaProjectConfigurator - Adding source folder /ipyservices/src/test/java
2017-11-19 10:36:04,459 [Worker-19] INFO  o.e.m.c.i.p.ProjectConfigurationManager - Imported and configured 1 project(s) in 3 sec
2017-11-19 10:36:05,154 [Worker-4] INFO  o.e.m.c.i.embedder.EclipseLogger - Using 'UTF-8' encoding to copy filtered resources.
2017-11-19 10:36:05,155 [Worker-4] INFO  o.e.m.c.i.embedder.EclipseLogger - skip non existing resourceDirectory C:\Users\amynam\Documents\GitHub\IPY_I-Peek-You\ipyservices\ipyservices\src\main\resources
2017-11-19 10:36:05,157 [Worker-4] INFO  o.e.m.c.i.embedder.EclipseLogger - Using 'UTF-8' encoding to copy filtered resources.
2017-11-19 10:36:05,158 [Worker-4] INFO  o.e.m.c.i.embedder.EclipseLogger - skip non existing resourceDirectory C:\Users\amynam\Documents\GitHub\IPY_I-Peek-You\ipyservices\ipyservices\src\test\resources
2017-11-19 10:36:21,566 [Worker-12] INFO  o.e.m.c.i.embedder.EclipseLogger - Using 'UTF-8' encoding to copy filtered resources.
2017-11-19 10:36:21,566 [Worker-12] INFO  o.e.m.c.i.embedder.EclipseLogger - skip non existing resourceDirectory C:\Users\amynam\Documents\GitHub\IPY_I-Peek-You\ipyservices\ipyservices\src\main\resources
2017-11-19 10:36:21,569 [Worker-12] INFO  o.e.m.c.i.embedder.EclipseLogger - Using 'UTF-8' encoding to copy filtered resources.
2017-11-19 10:36:21,569 [Worker-12] INFO  o.e.m.c.i.embedder.EclipseLogger - skip non existing resourceDirectory C:\Users\amynam\Documents\GitHub\IPY_I-Peek-You\ipyservices\ipyservices\src\test\resources
2017-11-19 10:37:28,817 [Worker-17] INFO  o.e.m.c.i.embedder.EclipseLogger - Using 'UTF-8' encoding to copy filtered resources.
2017-11-19 10:37:28,817 [Worker-17] INFO  o.e.m.c.i.embedder.EclipseLogger - skip non existing resourceDirectory C:\Users\amynam\Documents\GitHub\IPY_I-Peek-You\ipyservices\ipyservices\src\main\resources
2017-11-19 10:37:28,819 [Worker-17] INFO  o.e.m.c.i.embedder.EclipseLogger - Using 'UTF-8' encoding to copy filtered resources.
2017-11-19 10:37:28,826 [Worker-17] INFO  o.e.m.c.i.embedder.EclipseLogger - skip non existing resourceDirectory C:\Users\amynam\Documents\GitHub\IPY_I-Peek-You\ipyservices\ipyservices\src\test\resources
2017-11-19 10:38:39,454 [Worker-20] INFO  o.e.m.c.i.l.LifecycleMappingFactory - Using org.eclipse.m2e.jdt.JarLifecycleMapping lifecycle mapping for MavenProject: com.ipyservices:ipyservices:0.0.1-SNAPSHOT @ C:\Users\amynam\Documents\GitHub\IPY_I-Peek-You\ipyservices\ipyservices\pom.xml.
2017-11-19 10:38:40,508 [Worker-20] INFO  o.e.m.c.i.embedder.EclipseLogger - Using 'UTF-8' encoding to copy filtered resources.
2017-11-19 10:38:40,508 [Worker-20] INFO  o.e.m.c.i.embedder.EclipseLogger - skip non existing resourceDirectory C:\Users\amynam\Documents\GitHub\IPY_I-Peek-You\ipyservices\ipyservices\src\main\resources
2017-11-19 10:38:40,508 [Worker-20] INFO  o.e.m.c.i.embedder.EclipseLogger - skip non existing resourceDirectory C:\Users\amynam\Documents\GitHub\IPY_I-Peek-You\ipyservices\ipyservices\src\main\resources
2017-11-19 10:38:40,511 [Worker-20] INFO  o.e.m.c.i.embedder.EclipseLogger - Using 'UTF-8' encoding to copy filtered resources.
2017-11-19 10:38:40,512 [Worker-20] INFO  o.e.m.c.i.embedder.EclipseLogger - skip non existing resourceDirectory C:\Users\amynam\Documents\GitHub\IPY_I-Peek-You\ipyservices\ipyservices\src\test\resources
2017-11-19 10:38:43,134 [Worker-10] INFO  o.e.m.c.i.embedder.EclipseLogger - Using 'UTF-8' encoding to copy filtered resources.
2017-11-19 10:38:43,138 [Worker-10] INFO  o.e.m.c.i.embedder.EclipseLogger - skip non existing resourceDirectory C:\Users\amynam\Documents\GitHub\IPY_I-Peek-You\ipyservices\ipyservices\src\main\resources
2017-11-19 10:38:43,138 [Worker-10] INFO  o.e.m.c.i.embedder.EclipseLogger - skip non existing resourceDirectory C:\Users\amynam\Documents\GitHub\IPY_I-Peek-You\ipyservices\ipyservices\src\main\resources
2017-11-19 10:38:43,150 [Worker-10] INFO  o.e.m.c.i.embedder.EclipseLogger - Using 'UTF-8' encoding to copy filtered resources.
2017-11-19 10:38:43,151 [Worker-10] INFO  o.e.m.c.i.embedder.EclipseLogger - skip non existing resourceDirectory C:\Users\amynam\Documents\GitHub\IPY_I-Peek-You\ipyservices\ipyservices\src\test\resources
2017-11-19 10:39:13,908 [Worker-8] INFO  o.e.m.c.i.embedder.EclipseLogger - Using 'UTF-8' encoding to copy filtered resources.
2017-11-19 10:39:13,909 [Worker-8] INFO  o.e.m.c.i.embedder.EclipseLogger - skip non existing resourceDirectory C:\Users\amynam\Documents\GitHub\IPY_I-Peek-You\ipyservices\ipyservices\src\main\resources
2017-11-19 10:39:13,909 [Worker-8] INFO  o.e.m.c.i.embedder.EclipseLogger - skip non existing resourceDirectory C:\Users\amynam\Documents\GitHub\IPY_I-Peek-You\ipyservices\ipyservices\src\main\resources
2017-11-19 10:39:13,911 [Worker-8] INFO  o.e.m.c.i.embedder.EclipseLogger - Using 'UTF-8' encoding to copy filtered resources.
2017-11-19 10:39:13,911 [Worker-8] INFO  o.e.m.c.i.embedder.EclipseLogger - skip non existing resourceDirectory C:\Users\amynam\Documents\GitHub\IPY_I-Peek-You\ipyservices\ipyservices\src\test\resources
2017-11-19 10:39:30,224 [Worker-7] INFO  o.e.m.c.i.embedder.EclipseLogger - Using 'UTF-8' encoding to copy filtered resources.
2017-11-19 10:39:30,225 [Worker-7] INFO  o.e.m.c.i.embedder.EclipseLogger - skip non existing resourceDirectory C:\Users\amynam\Documents\GitHub\IPY_I-Peek-You\ipyservices\ipyservices\src\main\resources
2017-11-19 10:39:30,226 [Worker-7] INFO  o.e.m.c.i.embedder.EclipseLogger - skip non existing resourceDirectory C:\Users\amynam\Documents\GitHub\IPY_I-Peek-You\ipyservices\ipyservices\src\main\resources
2017-11-19 10:39:30,230 [Worker-7] INFO  o.e.m.c.i.embedder.EclipseLogger - Using 'UTF-8' encoding to copy filtered resources.
2017-11-19 10:39:30,230 [Worker-7] INFO  o.e.m.c.i.embedder.EclipseLogger - skip non existing resourceDirectory C:\Users\amynam\Documents\GitHub\IPY_I-Peek-You\ipyservices\ipyservices\src\test\resources
2017-11-19 10:39:52,410 [Worker-19] INFO  o.e.m.c.i.embedder.EclipseLogger - Using 'UTF-8' encoding to copy filtered resources.
2017-11-19 10:39:52,411 [Worker-19] INFO  o.e.m.c.i.embedder.EclipseLogger - skip non existing resourceDirectory C:\Users\amynam\Documents\GitHub\IPY_I-Peek-You\ipyservices\ipyservices\src\main\resources
2017-11-19 10:39:52,411 [Worker-19] INFO  o.e.m.c.i.embedder.EclipseLogger - skip non existing resourceDirectory C:\Users\amynam\Documents\GitHub\IPY_I-Peek-You\ipyservices\ipyservices\src\main\resources
2017-11-19 10:39:52,415 [Worker-19] INFO  o.e.m.c.i.embedder.EclipseLogger - Using 'UTF-8' encoding to copy filtered resources.
2017-11-19 10:39:52,415 [Worker-19] INFO  o.e.m.c.i.embedder.EclipseLogger - skip non existing resourceDirectory C:\Users\amynam\Documents\GitHub\IPY_I-Peek-You\ipyservices\ipyservices\src\test\resources
2017-11-19 10:40:04,554 [Worker-2] INFO  o.e.m.c.i.embedder.EclipseLogger - Using 'UTF-8' encoding to copy filtered resources.
2017-11-19 10:40:04,554 [Worker-2] INFO  o.e.m.c.i.embedder.EclipseLogger - skip non existing resourceDirectory C:\Users\amynam\Documents\GitHub\IPY_I-Peek-You\ipyservices\ipyservices\src\main\resources
2017-11-19 10:40:04,554 [Worker-2] INFO  o.e.m.c.i.embedder.EclipseLogger - skip non existing resourceDirectory C:\Users\amynam\Documents\GitHub\IPY_I-Peek-You\ipyservices\ipyservices\src\main\resources
2017-11-19 10:40:04,557 [Worker-2] INFO  o.e.m.c.i.embedder.EclipseLogger - Using 'UTF-8' encoding to copy filtered resources.
2017-11-19 10:40:04,557 [Worker-2] INFO  o.e.m.c.i.embedder.EclipseLogger - skip non existing resourceDirectory C:\Users\amynam\Documents\GitHub\IPY_I-Peek-You\ipyservices\ipyservices\src\test\resources
2017-11-19 10:40:17,185 [Worker-8] INFO  o.e.m.c.i.embedder.EclipseLogger - Using 'UTF-8' encoding to copy filtered resources.
2017-11-19 10:40:17,186 [Worker-8] INFO  o.e.m.c.i.embedder.EclipseLogger - skip non existing resourceDirectory C:\Users\amynam\Documents\GitHub\IPY_I-Peek-You\ipyservices\ipyservices\src\main\resources
2017-11-19 10:40:17,186 [Worker-8] INFO  o.e.m.c.i.embedder.EclipseLogger - skip non existing resourceDirectory C:\Users\amynam\Documents\GitHub\IPY_I-Peek-You\ipyservices\ipyservices\src\main\resources
2017-11-19 10:40:17,188 [Worker-8] INFO  o.e.m.c.i.embedder.EclipseLogger - Using 'UTF-8' encoding to copy filtered resources.
2017-11-19 10:40:17,188 [Worker-8] INFO  o.e.m.c.i.embedder.EclipseLogger - skip non existing resourceDirectory C:\Users\amynam\Documents\GitHub\IPY_I-Peek-You\ipyservices\ipyservices\src\test\resources
2017-11-19 10:40:52,543 [Worker-19] INFO  o.e.m.c.i.embedder.EclipseLogger - Using 'UTF-8' encoding to copy filtered resources.
2017-11-19 10:40:52,543 [Worker-19] INFO  o.e.m.c.i.embedder.EclipseLogger - skip non existing resourceDirectory C:\Users\amynam\Documents\GitHub\IPY_I-Peek-You\ipyservices\ipyservices\src\main\resources
2017-11-19 10:40:52,544 [Worker-19] INFO  o.e.m.c.i.embedder.EclipseLogger - skip non existing resourceDirectory C:\Users\amynam\Documents\GitHub\IPY_I-Peek-You\ipyservices\ipyservices\src\main\resources
2017-11-19 10:40:52,549 [Worker-19] INFO  o.e.m.c.i.embedder.EclipseLogger - Using 'UTF-8' encoding to copy filtered resources.
2017-11-19 10:40:52,549 [Worker-19] INFO  o.e.m.c.i.embedder.EclipseLogger - skip non existing resourceDirectory C:\Users\amynam\Documents\GitHub\IPY_I-Peek-You\ipyservices\ipyservices\src\test\resources
2017-11-19 10:42:00,750 [Worker-20] INFO  o.e.m.c.i.embedder.EclipseLogger - Using 'UTF-8' encoding to copy filtered resources.
2017-11-19 10:42:00,750 [Worker-20] INFO  o.e.m.c.i.embedder.EclipseLogger - skip non existing resourceDirectory C:\Users\amynam\Documents\GitHub\IPY_I-Peek-You\ipyservices\ipyservices\src\main\resources
2017-11-19 10:42:00,751 [Worker-20] INFO  o.e.m.c.i.embedder.EclipseLogger - skip non existing resourceDirectory C:\Users\amynam\Documents\GitHub\IPY_I-Peek-You\ipyservices\ipyservices\src\main\resources
2017-11-19 10:42:00,753 [Worker-20] INFO  o.e.m.c.i.embedder.EclipseLogger - Using 'UTF-8' encoding to copy filtered resources.
2017-11-19 10:42:00,753 [Worker-20] INFO  o.e.m.c.i.embedder.EclipseLogger - skip non existing resourceDirectory C:\Users\amynam\Documents\GitHub\IPY_I-Peek-You\ipyservices\ipyservices\src\test\resources
2017-11-19 10:42:10,992 [Worker-12] INFO  o.e.m.c.i.embedder.EclipseLogger - Using 'UTF-8' encoding to copy filtered resources.
2017-11-19 10:42:10,992 [Worker-12] INFO  o.e.m.c.i.embedder.EclipseLogger - skip non existing resourceDirectory C:\Users\amynam\Documents\GitHub\IPY_I-Peek-You\ipyservices\ipyservices\src\main\resources
2017-11-19 10:42:10,993 [Worker-12] INFO  o.e.m.c.i.embedder.EclipseLogger - skip non existing resourceDirectory C:\Users\amynam\Documents\GitHub\IPY_I-Peek-You\ipyservices\ipyservices\src\main\resources
2017-11-19 10:42:10,995 [Worker-12] INFO  o.e.m.c.i.embedder.EclipseLogger - Using 'UTF-8' encoding to copy filtered resources.
2017-11-19 10:42:10,995 [Worker-12] INFO  o.e.m.c.i.embedder.EclipseLogger - skip non existing resourceDirectory C:\Users\amynam\Documents\GitHub\IPY_I-Peek-You\ipyservices\ipyservices\src\test\resources
2017-11-19 10:43:44,939 [Worker-22] INFO  o.e.m.c.i.embedder.EclipseLogger - Using 'UTF-8' encoding to copy filtered resources.
2017-11-19 10:43:44,939 [Worker-22] INFO  o.e.m.c.i.embedder.EclipseLogger - skip non existing resourceDirectory C:\Users\amynam\Documents\GitHub\IPY_I-Peek-You\ipyservices\ipyservices\src\main\resources
2017-11-19 10:43:44,939 [Worker-22] INFO  o.e.m.c.i.embedder.EclipseLogger - skip non existing resourceDirectory C:\Users\amynam\Documents\GitHub\IPY_I-Peek-You\ipyservices\ipyservices\src\main\resources
2017-11-19 10:43:44,942 [Worker-22] INFO  o.e.m.c.i.embedder.EclipseLogger - Using 'UTF-8' encoding to copy filtered resources.
2017-11-19 10:43:44,945 [Worker-22] INFO  o.e.m.c.i.embedder.EclipseLogger - skip non existing resourceDirectory C:\Users\amynam\Documents\GitHub\IPY_I-Peek-You\ipyservices\ipyservices\src\test\resources
2017-11-19 10:43:49,519 [Worker-23] INFO  o.e.m.c.i.embedder.EclipseLogger - Using 'UTF-8' encoding to copy filtered resources.
2017-11-19 10:43:49,519 [Worker-23] INFO  o.e.m.c.i.embedder.EclipseLogger - skip non existing resourceDirectory C:\Users\amynam\Documents\GitHub\IPY_I-Peek-You\ipyservices\ipyservices\src\main\resources
2017-11-19 10:43:49,519 [Worker-23] INFO  o.e.m.c.i.embedder.EclipseLogger - skip non existing resourceDirectory C:\Users\amynam\Documents\GitHub\IPY_I-Peek-You\ipyservices\ipyservices\src\main\resources
2017-11-19 10:43:49,522 [Worker-23] INFO  o.e.m.c.i.embedder.EclipseLogger - Using 'UTF-8' encoding to copy filtered resources.
2017-11-19 10:43:49,522 [Worker-23] INFO  o.e.m.c.i.embedder.EclipseLogger - skip non existing resourceDirectory C:\Users\amynam\Documents\GitHub\IPY_I-Peek-You\ipyservices\ipyservices\src\test\resources
2017-11-19 10:43:53,483 [Worker-8] INFO  o.e.m.c.i.embedder.EclipseLogger - Using 'UTF-8' encoding to copy filtered resources.
2017-11-19 10:43:53,484 [Worker-8] INFO  o.e.m.c.i.embedder.EclipseLogger - skip non existing resourceDirectory C:\Users\amynam\Documents\GitHub\IPY_I-Peek-You\ipyservices\ipyservices\src\main\resources
2017-11-19 10:43:53,484 [Worker-8] INFO  o.e.m.c.i.embedder.EclipseLogger - skip non existing resourceDirectory C:\Users\amynam\Documents\GitHub\IPY_I-Peek-You\ipyservices\ipyservices\src\main\resources
2017-11-19 10:43:53,486 [Worker-8] INFO  o.e.m.c.i.embedder.EclipseLogger - Using 'UTF-8' encoding to copy filtered resources.
2017-11-19 10:43:53,487 [Worker-8] INFO  o.e.m.c.i.embedder.EclipseLogger - skip non existing resourceDirectory C:\Users\amynam\Documents\GitHub\IPY_I-Peek-You\ipyservices\ipyservices\src\test\resources
2017-11-19 10:43:59,974 [Worker-21] INFO  o.e.m.c.i.embedder.EclipseLogger - Using 'UTF-8' encoding to copy filtered resources.
2017-11-19 10:43:59,976 [Worker-21] INFO  o.e.m.c.i.embedder.EclipseLogger - skip non existing resourceDirectory C:\Users\amynam\Documents\GitHub\IPY_I-Peek-You\ipyservices\ipyservices\src\main\resources
2017-11-19 10:43:59,977 [Worker-21] INFO  o.e.m.c.i.embedder.EclipseLogger - skip non existing resourceDirectory C:\Users\amynam\Documents\GitHub\IPY_I-Peek-You\ipyservices\ipyservices\src\main\resources
2017-11-19 10:43:59,979 [Worker-21] INFO  o.e.m.c.i.embedder.EclipseLogger - Using 'UTF-8' encoding to copy filtered resources.
2017-11-19 10:43:59,980 [Worker-21] INFO  o.e.m.c.i.embedder.EclipseLogger - skip non existing resourceDirectory C:\Users\amynam\Documents\GitHub\IPY_I-Peek-You\ipyservices\ipyservices\src\test\resources
2017-11-19 10:45:54,236 [Worker-21] INFO  o.e.m.c.i.embedder.EclipseLogger - Using 'UTF-8' encoding to copy filtered resources.
2017-11-19 10:45:54,237 [Worker-21] INFO  o.e.m.c.i.embedder.EclipseLogger - skip non existing resourceDirectory C:\Users\amynam\Documents\GitHub\IPY_I-Peek-You\ipyservices\ipyservices\src\main\resources
2017-11-19 10:45:54,237 [Worker-21] INFO  o.e.m.c.i.embedder.EclipseLogger - skip non existing resourceDirectory C:\Users\amynam\Documents\GitHub\IPY_I-Peek-You\ipyservices\ipyservices\src\main\resources
2017-11-19 10:45:54,239 [Worker-21] INFO  o.e.m.c.i.embedder.EclipseLogger - Using 'UTF-8' encoding to copy filtered resources.
2017-11-19 10:45:54,239 [Worker-21] INFO  o.e.m.c.i.embedder.EclipseLogger - skip non existing resourceDirectory C:\Users\amynam\Documents\GitHub\IPY_I-Peek-You\ipyservices\ipyservices\src\test\resources
2017-11-19 10:45:56,960 [Worker-24] INFO  o.e.m.c.i.embedder.EclipseLogger - Using 'UTF-8' encoding to copy filtered resources.
2017-11-19 10:45:56,961 [Worker-24] INFO  o.e.m.c.i.embedder.EclipseLogger - skip non existing resourceDirectory C:\Users\amynam\Documents\GitHub\IPY_I-Peek-You\ipyservices\ipyservices\src\main\resources
2017-11-19 10:45:56,961 [Worker-24] INFO  o.e.m.c.i.embedder.EclipseLogger - skip non existing resourceDirectory C:\Users\amynam\Documents\GitHub\IPY_I-Peek-You\ipyservices\ipyservices\src\main\resources
2017-11-19 10:45:56,964 [Worker-24] INFO  o.e.m.c.i.embedder.EclipseLogger - Using 'UTF-8' encoding to copy filtered resources.
2017-11-19 10:45:56,965 [Worker-24] INFO  o.e.m.c.i.embedder.EclipseLogger - skip non existing resourceDirectory C:\Users\amynam\Documents\GitHub\IPY_I-Peek-You\ipyservices\ipyservices\src\test\resources
2017-11-19 10:46:08,264 [Worker-25] INFO  o.e.m.c.i.embedder.EclipseLogger - Using 'UTF-8' encoding to copy filtered resources.
2017-11-19 10:46:08,265 [Worker-25] INFO  o.e.m.c.i.embedder.EclipseLogger - skip non existing resourceDirectory C:\Users\amynam\Documents\GitHub\IPY_I-Peek-You\ipyservices\ipyservices\src\main\resources
2017-11-19 10:46:08,265 [Worker-25] INFO  o.e.m.c.i.embedder.EclipseLogger - skip non existing resourceDirectory C:\Users\amynam\Documents\GitHub\IPY_I-Peek-You\ipyservices\ipyservices\src\main\resources
2017-11-19 10:46:08,268 [Worker-25] INFO  o.e.m.c.i.embedder.EclipseLogger - Using 'UTF-8' encoding to copy filtered resources.
2017-11-19 10:46:08,269 [Worker-25] INFO  o.e.m.c.i.embedder.EclipseLogger - skip non existing resourceDirectory C:\Users\amynam\Documents\GitHub\IPY_I-Peek-You\ipyservices\ipyservices\src\test\resources
2017-11-19 10:46:22,377 [Worker-8] INFO  o.e.m.c.i.embedder.EclipseLogger - Using 'UTF-8' encoding to copy filtered resources.
2017-11-19 10:46:22,378 [Worker-8] INFO  o.e.m.c.i.embedder.EclipseLogger - skip non existing resourceDirectory C:\Users\amynam\Documents\GitHub\IPY_I-Peek-You\ipyservices\ipyservices\src\main\resources
2017-11-19 10:46:22,378 [Worker-8] INFO  o.e.m.c.i.embedder.EclipseLogger - skip non existing resourceDirectory C:\Users\amynam\Documents\GitHub\IPY_I-Peek-You\ipyservices\ipyservices\src\main\resources
2017-11-19 10:46:22,381 [Worker-8] INFO  o.e.m.c.i.embedder.EclipseLogger - Using 'UTF-8' encoding to copy filtered resources.
2017-11-19 10:46:22,381 [Worker-8] INFO  o.e.m.c.i.embedder.EclipseLogger - skip non existing resourceDirectory C:\Users\amynam\Documents\GitHub\IPY_I-Peek-You\ipyservices\ipyservices\src\test\resources
2017-11-19 10:46:34,085 [Worker-25] INFO  o.e.m.c.i.embedder.EclipseLogger - Using 'UTF-8' encoding to copy filtered resources.
2017-11-19 10:46:34,085 [Worker-25] INFO  o.e.m.c.i.embedder.EclipseLogger - skip non existing resourceDirectory C:\Users\amynam\Documents\GitHub\IPY_I-Peek-You\ipyservices\ipyservices\src\main\resources
2017-11-19 10:46:34,086 [Worker-25] INFO  o.e.m.c.i.embedder.EclipseLogger - skip non existing resourceDirectory C:\Users\amynam\Documents\GitHub\IPY_I-Peek-You\ipyservices\ipyservices\src\main\resources
2017-11-19 10:46:34,088 [Worker-25] INFO  o.e.m.c.i.embedder.EclipseLogger - Using 'UTF-8' encoding to copy filtered resources.
2017-11-19 10:46:34,088 [Worker-25] INFO  o.e.m.c.i.embedder.EclipseLogger - skip non existing resourceDirectory C:\Users\amynam\Documents\GitHub\IPY_I-Peek-You\ipyservices\ipyservices\src\test\resources
2017-11-19 10:46:51,047 [Worker-21] INFO  o.e.m.c.i.embedder.EclipseLogger - Using 'UTF-8' encoding to copy filtered resources.
2017-11-19 10:46:51,048 [Worker-21] INFO  o.e.m.c.i.embedder.EclipseLogger - skip non existing resourceDirectory C:\Users\amynam\Documents\GitHub\IPY_I-Peek-You\ipyservices\ipyservices\src\main\resources
2017-11-19 10:46:51,048 [Worker-21] INFO  o.e.m.c.i.embedder.EclipseLogger - skip non existing resourceDirectory C:\Users\amynam\Documents\GitHub\IPY_I-Peek-You\ipyservices\ipyservices\src\main\resources
2017-11-19 10:46:51,050 [Worker-21] INFO  o.e.m.c.i.embedder.EclipseLogger - Using 'UTF-8' encoding to copy filtered resources.
2017-11-19 10:46:51,050 [Worker-21] INFO  o.e.m.c.i.embedder.EclipseLogger - skip non existing resourceDirectory C:\Users\amynam\Documents\GitHub\IPY_I-Peek-You\ipyservices\ipyservices\src\test\resources
2017-11-19 10:55:40,134 [Worker-40] INFO  o.e.m.c.i.embedder.EclipseLogger - Using 'UTF-8' encoding to copy filtered resources.
2017-11-19 10:55:40,134 [Worker-40] INFO  o.e.m.c.i.embedder.EclipseLogger - skip non existing resourceDirectory C:\Users\amynam\Documents\GitHub\IPY_I-Peek-You\ipyservices\ipyservices\src\main\resources
2017-11-19 10:55:40,134 [Worker-40] INFO  o.e.m.c.i.embedder.EclipseLogger - skip non existing resourceDirectory C:\Users\amynam\Documents\GitHub\IPY_I-Peek-You\ipyservices\ipyservices\src\main\resources
2017-11-19 10:55:40,137 [Worker-40] INFO  o.e.m.c.i.embedder.EclipseLogger - Using 'UTF-8' encoding to copy filtered resources.
2017-11-19 10:55:40,137 [Worker-40] INFO  o.e.m.c.i.embedder.EclipseLogger - skip non existing resourceDirectory C:\Users\amynam\Documents\GitHub\IPY_I-Peek-You\ipyservices\ipyservices\src\test\resources
2017-11-19 11:02:39,142 [Worker-44] INFO  o.e.m.c.i.embedder.EclipseLogger - Using 'UTF-8' encoding to copy filtered resources.
2017-11-19 11:02:39,142 [Worker-44] INFO  o.e.m.c.i.embedder.EclipseLogger - skip non existing resourceDirectory C:\Users\amynam\Documents\GitHub\IPY_I-Peek-You\ipyservices\ipyservices\src\main\resources
2017-11-19 11:02:39,143 [Worker-44] INFO  o.e.m.c.i.embedder.EclipseLogger - skip non existing resourceDirectory C:\Users\amynam\Documents\GitHub\IPY_I-Peek-You\ipyservices\ipyservices\src\main\resources
2017-11-19 11:02:39,146 [Worker-44] INFO  o.e.m.c.i.embedder.EclipseLogger - Using 'UTF-8' encoding to copy filtered resources.
2017-11-19 11:02:39,147 [Worker-44] INFO  o.e.m.c.i.embedder.EclipseLogger - skip non existing resourceDirectory C:\Users\amynam\Documents\GitHub\IPY_I-Peek-You\ipyservices\ipyservices\src\test\resources
2017-11-19 11:04:34,755 [Worker-43] INFO  o.e.m.c.i.embedder.EclipseLogger - Using 'UTF-8' encoding to copy filtered resources.
2017-11-19 11:04:34,756 [Worker-43] INFO  o.e.m.c.i.embedder.EclipseLogger - skip non existing resourceDirectory C:\Users\amynam\Documents\GitHub\IPY_I-Peek-You\ipyservices\ipyservices\src\main\resources
2017-11-19 11:04:34,756 [Worker-43] INFO  o.e.m.c.i.embedder.EclipseLogger - skip non existing resourceDirectory C:\Users\amynam\Documents\GitHub\IPY_I-Peek-You\ipyservices\ipyservices\src\main\resources
2017-11-19 11:04:34,764 [Worker-43] INFO  o.e.m.c.i.embedder.EclipseLogger - Using 'UTF-8' encoding to copy filtered resources.
2017-11-19 11:04:34,764 [Worker-43] INFO  o.e.m.c.i.embedder.EclipseLogger - skip non existing resourceDirectory C:\Users\amynam\Documents\GitHub\IPY_I-Peek-You\ipyservices\ipyservices\src\test\resources
2017-11-19 11:04:48,058 [Worker-46] INFO  o.e.m.c.i.embedder.EclipseLogger - Using 'UTF-8' encoding to copy filtered resources.
2017-11-19 11:04:48,059 [Worker-46] INFO  o.e.m.c.i.embedder.EclipseLogger - skip non existing resourceDirectory C:\Users\amynam\Documents\GitHub\IPY_I-Peek-You\ipyservices\ipyservices\src\main\resources
2017-11-19 11:04:48,059 [Worker-46] INFO  o.e.m.c.i.embedder.EclipseLogger - skip non existing resourceDirectory C:\Users\amynam\Documents\GitHub\IPY_I-Peek-You\ipyservices\ipyservices\src\main\resources
2017-11-19 11:04:48,062 [Worker-46] INFO  o.e.m.c.i.embedder.EclipseLogger - Using 'UTF-8' encoding to copy filtered resources.
2017-11-19 11:04:48,063 [Worker-46] INFO  o.e.m.c.i.embedder.EclipseLogger - skip non existing resourceDirectory C:\Users\amynam\Documents\GitHub\IPY_I-Peek-You\ipyservices\ipyservices\src\test\resources
2017-11-19 11:10:30,371 [Worker-49] INFO  o.e.m.c.i.embedder.EclipseLogger - Using 'UTF-8' encoding to copy filtered resources.
2017-11-19 11:10:30,372 [Worker-49] INFO  o.e.m.c.i.embedder.EclipseLogger - skip non existing resourceDirectory C:\Users\amynam\Documents\GitHub\IPY_I-Peek-You\ipyservices\ipyservices\src\main\resources
2017-11-19 11:10:30,372 [Worker-49] INFO  o.e.m.c.i.embedder.EclipseLogger - skip non existing resourceDirectory C:\Users\amynam\Documents\GitHub\IPY_I-Peek-You\ipyservices\ipyservices\src\main\resources
2017-11-19 11:10:30,375 [Worker-49] INFO  o.e.m.c.i.embedder.EclipseLogger - Using 'UTF-8' encoding to copy filtered resources.
2017-11-19 11:10:30,375 [Worker-49] INFO  o.e.m.c.i.embedder.EclipseLogger - skip non existing resourceDirectory C:\Users\amynam\Documents\GitHub\IPY_I-Peek-You\ipyservices\ipyservices\src\test\resources
2017-11-19 11:11:30,531 [Worker-44] INFO  o.e.m.c.i.embedder.EclipseLogger - Using 'UTF-8' encoding to copy filtered resources.
2017-11-19 11:11:30,533 [Worker-44] INFO  o.e.m.c.i.embedder.EclipseLogger - skip non existing resourceDirectory C:\Users\amynam\Documents\GitHub\IPY_I-Peek-You\ipyservices\ipyservices\src\main\resources
2017-11-19 11:11:30,533 [Worker-44] INFO  o.e.m.c.i.embedder.EclipseLogger - skip non existing resourceDirectory C:\Users\amynam\Documents\GitHub\IPY_I-Peek-You\ipyservices\ipyservices\src\main\resources
2017-11-19 11:11:30,536 [Worker-44] INFO  o.e.m.c.i.embedder.EclipseLogger - Using 'UTF-8' encoding to copy filtered resources.
2017-11-19 11:11:30,536 [Worker-44] INFO  o.e.m.c.i.embedder.EclipseLogger - skip non existing resourceDirectory C:\Users\amynam\Documents\GitHub\IPY_I-Peek-You\ipyservices\ipyservices\src\test\resources
2017-11-19 11:11:48,885 [Worker-44] INFO  o.e.m.c.i.embedder.EclipseLogger - Using 'UTF-8' encoding to copy filtered resources.
2017-11-19 11:11:48,885 [Worker-44] INFO  o.e.m.c.i.embedder.EclipseLogger - skip non existing resourceDirectory C:\Users\amynam\Documents\GitHub\IPY_I-Peek-You\ipyservices\ipyservices\src\main\resources
2017-11-19 11:11:48,885 [Worker-44] INFO  o.e.m.c.i.embedder.EclipseLogger - skip non existing resourceDirectory C:\Users\amynam\Documents\GitHub\IPY_I-Peek-You\ipyservices\ipyservices\src\main\resources
2017-11-19 11:11:48,887 [Worker-44] INFO  o.e.m.c.i.embedder.EclipseLogger - Using 'UTF-8' encoding to copy filtered resources.
2017-11-19 11:11:48,887 [Worker-44] INFO  o.e.m.c.i.embedder.EclipseLogger - skip non existing resourceDirectory C:\Users\amynam\Documents\GitHub\IPY_I-Peek-You\ipyservices\ipyservices\src\test\resources
2017-11-19 11:36:45,645 [Worker-65] INFO  o.e.m.c.i.embedder.EclipseLogger - Using 'UTF-8' encoding to copy filtered resources.
2017-11-19 11:36:45,645 [Worker-65] INFO  o.e.m.c.i.embedder.EclipseLogger - skip non existing resourceDirectory C:\Users\amynam\Documents\GitHub\IPY_I-Peek-You\ipyservices\ipyservices\src\main\resources
2017-11-19 11:36:45,646 [Worker-65] INFO  o.e.m.c.i.embedder.EclipseLogger - skip non existing resourceDirectory C:\Users\amynam\Documents\GitHub\IPY_I-Peek-You\ipyservices\ipyservices\src\main\resources
2017-11-19 11:36:45,648 [Worker-65] INFO  o.e.m.c.i.embedder.EclipseLogger - Using 'UTF-8' encoding to copy filtered resources.
2017-11-19 11:36:45,648 [Worker-65] INFO  o.e.m.c.i.embedder.EclipseLogger - skip non existing resourceDirectory C:\Users\amynam\Documents\GitHub\IPY_I-Peek-You\ipyservices\ipyservices\src\test\resources
2017-11-19 11:45:09,115 [Worker-68] INFO  o.e.m.c.i.embedder.EclipseLogger - Using 'UTF-8' encoding to copy filtered resources.
2017-11-19 11:45:09,116 [Worker-68] INFO  o.e.m.c.i.embedder.EclipseLogger - skip non existing resourceDirectory C:\Users\amynam\Documents\GitHub\IPY_I-Peek-You\ipyservices\ipyservices\src\main\resources
2017-11-19 11:45:09,116 [Worker-68] INFO  o.e.m.c.i.embedder.EclipseLogger - skip non existing resourceDirectory C:\Users\amynam\Documents\GitHub\IPY_I-Peek-You\ipyservices\ipyservices\src\main\resources
2017-11-19 11:45:09,119 [Worker-68] INFO  o.e.m.c.i.embedder.EclipseLogger - Using 'UTF-8' encoding to copy filtered resources.
2017-11-19 11:45:09,120 [Worker-68] INFO  o.e.m.c.i.embedder.EclipseLogger - skip non existing resourceDirectory C:\Users\amynam\Documents\GitHub\IPY_I-Peek-You\ipyservices\ipyservices\src\test\resources
2017-11-19 14:36:21,464 [Worker-117] INFO  o.e.m.c.i.embedder.EclipseLogger - Using 'UTF-8' encoding to copy filtered resources.
2017-11-19 14:36:21,465 [Worker-117] INFO  o.e.m.c.i.embedder.EclipseLogger - skip non existing resourceDirectory C:\Users\amynam\Documents\GitHub\IPY_I-Peek-You\ipyservices\ipyservices\src\main\resources
2017-11-19 14:36:21,466 [Worker-117] INFO  o.e.m.c.i.embedder.EclipseLogger - skip non existing resourceDirectory C:\Users\amynam\Documents\GitHub\IPY_I-Peek-You\ipyservices\ipyservices\src\main\resources
2017-11-19 14:36:21,470 [Worker-117] INFO  o.e.m.c.i.embedder.EclipseLogger - Using 'UTF-8' encoding to copy filtered resources.
2017-11-19 14:36:21,472 [Worker-117] INFO  o.e.m.c.i.embedder.EclipseLogger - skip non existing resourceDirectory C:\Users\amynam\Documents\GitHub\IPY_I-Peek-You\ipyservices\ipyservices\src\test\resources
2017-11-19 14:44:09,180 [Worker-125] INFO  o.e.m.c.i.l.LifecycleMappingFactory - Using org.eclipse.m2e.jdt.JarLifecycleMapping lifecycle mapping for MavenProject: com.ipyservices:ipyservices:0.0.1-SNAPSHOT @ C:\Users\amynam\Documents\GitHub\IPY_I-Peek-You\ipyservices\ipyservices\pom.xml.
2017-11-19 14:44:09,586 [Worker-125] INFO  o.e.m.c.i.e.AbstractTransferListenerAdapter - Downloading https://repo.maven.apache.org/maven2/javax/ws/rs/javax.ws.rs-api/2.0-m02/javax.ws.rs-api-2.0-m02.pom
2017-11-19 14:44:09,633 [Worker-125] INFO  o.e.m.c.i.e.AbstractTransferListenerAdapter - Downloaded https://repo.maven.apache.org/maven2/javax/ws/rs/javax.ws.rs-api/2.0-m02/javax.ws.rs-api-2.0-m02.pom
2017-11-19 14:44:09,664 [Worker-125] INFO  o.e.m.c.i.e.AbstractTransferListenerAdapter - Downloading https://repo.maven.apache.org/maven2/net/java/jvnet-parent/1/jvnet-parent-1.pom
2017-11-19 14:44:09,695 [Worker-125] INFO  o.e.m.c.i.e.AbstractTransferListenerAdapter - Downloaded https://repo.maven.apache.org/maven2/net/java/jvnet-parent/1/jvnet-parent-1.pom
2017-11-19 14:44:10,179 [Worker-125] INFO  o.e.m.c.i.e.AbstractTransferListenerAdapter - Downloading https://repo.maven.apache.org/maven2/javax/ws/rs/javax.ws.rs-api/2.0-m02/javax.ws.rs-api-2.0-m02.jar
2017-11-19 14:44:10,241 [Worker-125] INFO  o.e.m.c.i.e.AbstractTransferListenerAdapter - Downloaded https://repo.maven.apache.org/maven2/javax/ws/rs/javax.ws.rs-api/2.0-m02/javax.ws.rs-api-2.0-m02.jar
2017-11-19 14:44:10,678 [Worker-125] INFO  o.e.m.c.i.embedder.EclipseLogger - Using 'UTF-8' encoding to copy filtered resources.
2017-11-19 14:44:10,678 [Worker-125] INFO  o.e.m.c.i.embedder.EclipseLogger - skip non existing resourceDirectory C:\Users\amynam\Documents\GitHub\IPY_I-Peek-You\ipyservices\ipyservices\src\main\resources
2017-11-19 14:44:10,678 [Worker-125] INFO  o.e.m.c.i.embedder.EclipseLogger - skip non existing resourceDirectory C:\Users\amynam\Documents\GitHub\IPY_I-Peek-You\ipyservices\ipyservices\src\main\resources
2017-11-19 14:44:10,694 [Worker-125] INFO  o.e.m.c.i.embedder.EclipseLogger - Using 'UTF-8' encoding to copy filtered resources.
2017-11-19 14:44:10,694 [Worker-125] INFO  o.e.m.c.i.embedder.EclipseLogger - skip non existing resourceDirectory C:\Users\amynam\Documents\GitHub\IPY_I-Peek-You\ipyservices\ipyservices\src\test\resources
2017-11-19 14:44:12,909 [Worker-122] INFO  o.e.m.c.i.embedder.EclipseLogger - Using 'UTF-8' encoding to copy filtered resources.
2017-11-19 14:44:12,909 [Worker-122] INFO  o.e.m.c.i.embedder.EclipseLogger - skip non existing resourceDirectory C:\Users\amynam\Documents\GitHub\IPY_I-Peek-You\ipyservices\ipyservices\src\main\resources
2017-11-19 14:44:12,909 [Worker-122] INFO  o.e.m.c.i.embedder.EclipseLogger - skip non existing resourceDirectory C:\Users\amynam\Documents\GitHub\IPY_I-Peek-You\ipyservices\ipyservices\src\main\resources
2017-11-19 14:44:12,909 [Worker-122] INFO  o.e.m.c.i.embedder.EclipseLogger - Using 'UTF-8' encoding to copy filtered resources.
2017-11-19 14:44:12,909 [Worker-122] INFO  o.e.m.c.i.embedder.EclipseLogger - skip non existing resourceDirectory C:\Users\amynam\Documents\GitHub\IPY_I-Peek-You\ipyservices\ipyservices\src\test\resources
2017-11-19 14:48:51,790 [Worker-127] INFO  o.e.m.c.i.l.LifecycleMappingFactory - Using org.eclipse.m2e.jdt.JarLifecycleMapping lifecycle mapping for MavenProject: com.ipyservices:ipyservices:0.0.1-SNAPSHOT @ C:\Users\amynam\Documents\GitHub\IPY_I-Peek-You\ipyservices\ipyservices\pom.xml.
2017-11-19 14:48:52,024 [Worker-127] INFO  o.e.m.c.i.e.AbstractTransferListenerAdapter - Downloading https://repo.maven.apache.org/maven2/org/glassfish/jersey/media/jersey-media-moxy/2.26/jersey-media-moxy-2.26.pom
2017-11-19 14:48:52,117 [Worker-127] INFO  o.e.m.c.i.e.AbstractTransferListenerAdapter - Downloaded https://repo.maven.apache.org/maven2/org/glassfish/jersey/media/jersey-media-moxy/2.26/jersey-media-moxy-2.26.pom
2017-11-19 14:48:52,149 [Worker-127] INFO  o.e.m.c.i.e.AbstractTransferListenerAdapter - Downloading https://repo.maven.apache.org/maven2/org/glassfish/jersey/media/project/2.26/project-2.26.pom
2017-11-19 14:48:52,211 [Worker-127] INFO  o.e.m.c.i.e.AbstractTransferListenerAdapter - Downloaded https://repo.maven.apache.org/maven2/org/glassfish/jersey/media/project/2.26/project-2.26.pom
2017-11-19 14:48:52,320 [Worker-127] INFO  o.e.m.c.i.e.AbstractTransferListenerAdapter - Downloading https://repo.maven.apache.org/maven2/org/glassfish/jersey/project/2.26/project-2.26.pom
2017-11-19 14:48:52,383 [Worker-127] INFO  o.e.m.c.i.e.AbstractTransferListenerAdapter - Downloaded https://repo.maven.apache.org/maven2/org/glassfish/jersey/project/2.26/project-2.26.pom
2017-11-19 14:48:52,414 [Worker-127] INFO  o.e.m.c.i.e.AbstractTransferListenerAdapter - Downloading https://repo.maven.apache.org/maven2/net/java/jvnet-parent/4/jvnet-parent-4.pom
2017-11-19 14:48:52,461 [Worker-127] INFO  o.e.m.c.i.e.AbstractTransferListenerAdapter - Downloaded https://repo.maven.apache.org/maven2/net/java/jvnet-parent/4/jvnet-parent-4.pom
2017-11-19 14:48:52,507 [Worker-127] INFO  o.e.m.c.i.e.AbstractTransferListenerAdapter - Downloading https://repo.maven.apache.org/maven2/org/glassfish/hk2/hk2-bom/2.5.0-b42/hk2-bom-2.5.0-b42.pom
2017-11-19 14:48:52,539 [Worker-127] INFO  o.e.m.c.i.e.AbstractTransferListenerAdapter - Downloaded https://repo.maven.apache.org/maven2/org/glassfish/hk2/hk2-bom/2.5.0-b42/hk2-bom-2.5.0-b42.pom
2017-11-19 14:48:52,663 [Worker-127] INFO  o.e.m.c.i.e.AbstractTransferListenerAdapter - Downloading https://repo.maven.apache.org/maven2/net/java/jvnet-parent/5/jvnet-parent-5.pom
2017-11-19 14:48:52,695 [Worker-127] INFO  o.e.m.c.i.e.AbstractTransferListenerAdapter - Downloaded https://repo.maven.apache.org/maven2/net/java/jvnet-parent/5/jvnet-parent-5.pom
2017-11-19 14:48:52,757 [Worker-127] INFO  o.e.m.c.i.e.AbstractTransferListenerAdapter - Downloading https://repo.maven.apache.org/maven2/org/glassfish/jersey/core/jersey-common/2.25.1/jersey-common-2.25.1.pom
2017-11-19 14:48:52,804 [Worker-127] INFO  o.e.m.c.i.e.AbstractTransferListenerAdapter - Downloaded https://repo.maven.apache.org/maven2/org/glassfish/jersey/core/jersey-common/2.25.1/jersey-common-2.25.1.pom
2017-11-19 14:48:52,835 [Worker-127] INFO  o.e.m.c.i.e.AbstractTransferListenerAdapter - Downloading https://repo.maven.apache.org/maven2/org/glassfish/jersey/project/2.25.1/project-2.25.1.pom
2017-11-19 14:48:52,897 [Worker-127] INFO  o.e.m.c.i.e.AbstractTransferListenerAdapter - Downloaded https://repo.maven.apache.org/maven2/org/glassfish/jersey/project/2.25.1/project-2.25.1.pom
2017-11-19 14:48:52,929 [Worker-127] INFO  o.e.m.c.i.e.AbstractTransferListenerAdapter - Downloading https://repo.maven.apache.org/maven2/org/glassfish/hk2/hk2-bom/2.5.0-b32/hk2-bom-2.5.0-b32.pom
2017-11-19 14:48:52,960 [Worker-127] INFO  o.e.m.c.i.e.AbstractTransferListenerAdapter - Downloaded https://repo.maven.apache.org/maven2/org/glassfish/hk2/hk2-bom/2.5.0-b32/hk2-bom-2.5.0-b32.pom
2017-11-19 14:48:53,022 [Worker-127] INFO  o.e.m.c.i.e.AbstractTransferListenerAdapter - Downloading https://repo.maven.apache.org/maven2/javax/ws/rs/javax.ws.rs-api/2.0.1/javax.ws.rs-api-2.0.1.pom
2017-11-19 14:48:53,053 [Worker-127] INFO  o.e.m.c.i.e.AbstractTransferListenerAdapter - Downloaded https://repo.maven.apache.org/maven2/javax/ws/rs/javax.ws.rs-api/2.0.1/javax.ws.rs-api-2.0.1.pom
2017-11-19 14:48:53,100 [Worker-127] INFO  o.e.m.c.i.e.AbstractTransferListenerAdapter - Downloading https://repo.maven.apache.org/maven2/javax/annotation/javax.annotation-api/1.2/javax.annotation-api-1.2.pom
2017-11-19 14:48:53,131 [Worker-127] INFO  o.e.m.c.i.e.AbstractTransferListenerAdapter - Downloaded https://repo.maven.apache.org/maven2/javax/annotation/javax.annotation-api/1.2/javax.annotation-api-1.2.pom
2017-11-19 14:48:53,163 [Worker-127] INFO  o.e.m.c.i.e.AbstractTransferListenerAdapter - Downloading https://repo.maven.apache.org/maven2/net/java/jvnet-parent/3/jvnet-parent-3.pom
2017-11-19 14:48:53,178 [Worker-127] INFO  o.e.m.c.i.e.AbstractTransferListenerAdapter - Downloaded https://repo.maven.apache.org/maven2/net/java/jvnet-parent/3/jvnet-parent-3.pom
2017-11-19 14:48:53,225 [Worker-127] INFO  o.e.m.c.i.e.AbstractTransferListenerAdapter - Downloading https://repo.maven.apache.org/maven2/org/glassfish/jersey/bundles/repackaged/jersey-guava/2.25.1/jersey-guava-2.25.1.pom
2017-11-19 14:48:53,256 [Worker-127] INFO  o.e.m.c.i.e.AbstractTransferListenerAdapter - Downloaded https://repo.maven.apache.org/maven2/org/glassfish/jersey/bundles/repackaged/jersey-guava/2.25.1/jersey-guava-2.25.1.pom
2017-11-19 14:48:53,287 [Worker-127] INFO  o.e.m.c.i.e.AbstractTransferListenerAdapter - Downloading https://repo.maven.apache.org/maven2/org/glassfish/jersey/bundles/repackaged/project/2.25.1/project-2.25.1.pom
2017-11-19 14:48:53,319 [Worker-127] INFO  o.e.m.c.i.e.AbstractTransferListenerAdapter - Downloaded https://repo.maven.apache.org/maven2/org/glassfish/jersey/bundles/repackaged/project/2.25.1/project-2.25.1.pom
2017-11-19 14:48:53,365 [Worker-127] INFO  o.e.m.c.i.e.AbstractTransferListenerAdapter - Downloading https://repo.maven.apache.org/maven2/org/glassfish/jersey/bundles/project/2.25.1/project-2.25.1.pom
2017-11-19 14:48:53,397 [Worker-127] INFO  o.e.m.c.i.e.AbstractTransferListenerAdapter - Downloaded https://repo.maven.apache.org/maven2/org/glassfish/jersey/bundles/project/2.25.1/project-2.25.1.pom
2017-11-19 14:48:53,459 [Worker-127] INFO  o.e.m.c.i.e.AbstractTransferListenerAdapter - Downloading https://repo.maven.apache.org/maven2/org/glassfish/hk2/hk2-api/2.5.0-b32/hk2-api-2.5.0-b32.pom
2017-11-19 14:48:53,490 [Worker-127] INFO  o.e.m.c.i.e.AbstractTransferListenerAdapter - Downloaded https://repo.maven.apache.org/maven2/org/glassfish/hk2/hk2-api/2.5.0-b32/hk2-api-2.5.0-b32.pom
2017-11-19 14:48:53,524 [Worker-127] INFO  o.e.m.c.i.e.AbstractTransferListenerAdapter - Downloading https://repo.maven.apache.org/maven2/org/glassfish/hk2/hk2-parent/2.5.0-b32/hk2-parent-2.5.0-b32.pom
2017-11-19 14:48:53,556 [Worker-127] INFO  o.e.m.c.i.e.AbstractTransferListenerAdapter - Downloaded https://repo.maven.apache.org/maven2/org/glassfish/hk2/hk2-parent/2.5.0-b32/hk2-parent-2.5.0-b32.pom
2017-11-19 14:48:53,602 [Worker-127] INFO  o.e.m.c.i.e.AbstractTransferListenerAdapter - Downloading https://repo.maven.apache.org/maven2/org/glassfish/hk2/hk2-utils/2.5.0-b32/hk2-utils-2.5.0-b32.pom
2017-11-19 14:48:53,634 [Worker-127] INFO  o.e.m.c.i.e.AbstractTransferListenerAdapter - Downloaded https://repo.maven.apache.org/maven2/org/glassfish/hk2/hk2-utils/2.5.0-b32/hk2-utils-2.5.0-b32.pom
2017-11-19 14:48:53,680 [Worker-127] INFO  o.e.m.c.i.e.AbstractTransferListenerAdapter - Downloading https://repo.maven.apache.org/maven2/org/glassfish/hk2/external/aopalliance-repackaged/2.5.0-b32/aopalliance-repackaged-2.5.0-b32.pom
2017-11-19 14:48:53,712 [Worker-127] INFO  o.e.m.c.i.e.AbstractTransferListenerAdapter - Downloaded https://repo.maven.apache.org/maven2/org/glassfish/hk2/external/aopalliance-repackaged/2.5.0-b32/aopalliance-repackaged-2.5.0-b32.pom
2017-11-19 14:48:53,743 [Worker-127] INFO  o.e.m.c.i.e.AbstractTransferListenerAdapter - Downloading https://repo.maven.apache.org/maven2/org/glassfish/hk2/external/2.5.0-b32/external-2.5.0-b32.pom
2017-11-19 14:48:53,775 [Worker-127] INFO  o.e.m.c.i.e.AbstractTransferListenerAdapter - Downloaded https://repo.maven.apache.org/maven2/org/glassfish/hk2/external/2.5.0-b32/external-2.5.0-b32.pom
2017-11-19 14:48:53,822 [Worker-127] INFO  o.e.m.c.i.e.AbstractTransferListenerAdapter - Downloading https://repo.maven.apache.org/maven2/org/glassfish/hk2/external/javax.inject/2.5.0-b32/javax.inject-2.5.0-b32.pom
2017-11-19 14:48:53,853 [Worker-127] INFO  o.e.m.c.i.e.AbstractTransferListenerAdapter - Downloaded https://repo.maven.apache.org/maven2/org/glassfish/hk2/external/javax.inject/2.5.0-b32/javax.inject-2.5.0-b32.pom
2017-11-19 14:48:53,900 [Worker-127] INFO  o.e.m.c.i.e.AbstractTransferListenerAdapter - Downloading https://repo.maven.apache.org/maven2/org/glassfish/hk2/hk2-locator/2.5.0-b32/hk2-locator-2.5.0-b32.pom
2017-11-19 14:48:53,915 [Worker-127] INFO  o.e.m.c.i.e.AbstractTransferListenerAdapter - Downloaded https://repo.maven.apache.org/maven2/org/glassfish/hk2/hk2-locator/2.5.0-b32/hk2-locator-2.5.0-b32.pom
2017-11-19 14:48:53,978 [Worker-127] INFO  o.e.m.c.i.e.AbstractTransferListenerAdapter - Downloading https://repo.maven.apache.org/maven2/org/javassist/javassist/3.21.0-GA/javassist-3.21.0-GA.pom
2017-11-19 14:48:54,009 [Worker-127] INFO  o.e.m.c.i.e.AbstractTransferListenerAdapter - Downloaded https://repo.maven.apache.org/maven2/org/javassist/javassist/3.21.0-GA/javassist-3.21.0-GA.pom
2017-11-19 14:48:54,056 [Worker-127] INFO  o.e.m.c.i.e.AbstractTransferListenerAdapter - Downloading https://repo.maven.apache.org/maven2/org/glassfish/hk2/osgi-resource-locator/1.0.1/osgi-resource-locator-1.0.1.pom
2017-11-19 14:48:54,071 [Worker-127] INFO  o.e.m.c.i.e.AbstractTransferListenerAdapter - Downloaded https://repo.maven.apache.org/maven2/org/glassfish/hk2/osgi-resource-locator/1.0.1/osgi-resource-locator-1.0.1.pom
2017-11-19 14:48:54,118 [Worker-127] INFO  o.e.m.c.i.e.AbstractTransferListenerAdapter - Downloading https://repo.maven.apache.org/maven2/org/glassfish/pom/8/pom-8.pom
2017-11-19 14:48:54,149 [Worker-127] INFO  o.e.m.c.i.e.AbstractTransferListenerAdapter - Downloaded https://repo.maven.apache.org/maven2/org/glassfish/pom/8/pom-8.pom
2017-11-19 14:48:54,181 [Worker-127] INFO  o.e.m.c.i.e.AbstractTransferListenerAdapter - Downloading https://repo.maven.apache.org/maven2/org/glassfish/jersey/ext/jersey-entity-filtering/2.25.1/jersey-entity-filtering-2.25.1.pom
2017-11-19 14:48:54,212 [Worker-127] INFO  o.e.m.c.i.e.AbstractTransferListenerAdapter - Downloaded https://repo.maven.apache.org/maven2/org/glassfish/jersey/ext/jersey-entity-filtering/2.25.1/jersey-entity-filtering-2.25.1.pom
2017-11-19 14:48:54,243 [Worker-127] INFO  o.e.m.c.i.e.AbstractTransferListenerAdapter - Downloading https://repo.maven.apache.org/maven2/org/glassfish/jersey/ext/project/2.25.1/project-2.25.1.pom
2017-11-19 14:48:54,274 [Worker-127] INFO  o.e.m.c.i.e.AbstractTransferListenerAdapter - Downloaded https://repo.maven.apache.org/maven2/org/glassfish/jersey/ext/project/2.25.1/project-2.25.1.pom
2017-11-19 14:48:54,321 [Worker-127] INFO  o.e.m.c.i.e.AbstractTransferListenerAdapter - Downloading https://repo.maven.apache.org/maven2/org/eclipse/persistence/org.eclipse.persistence.moxy/2.6.4/org.eclipse.persistence.moxy-2.6.4.pom
2017-11-19 14:48:54,352 [Worker-127] INFO  o.e.m.c.i.e.AbstractTransferListenerAdapter - Downloaded https://repo.maven.apache.org/maven2/org/eclipse/persistence/org.eclipse.persistence.moxy/2.6.4/org.eclipse.persistence.moxy-2.6.4.pom
2017-11-19 14:48:54,368 [Worker-127] INFO  o.e.m.c.i.e.AbstractTransferListenerAdapter - Downloading https://repo.maven.apache.org/maven2/org/eclipse/persistence/org.eclipse.persistence.core/2.6.4/org.eclipse.persistence.core-2.6.4.pom
2017-11-19 14:48:54,399 [Worker-127] INFO  o.e.m.c.i.e.AbstractTransferListenerAdapter - Downloaded https://repo.maven.apache.org/maven2/org/eclipse/persistence/org.eclipse.persistence.core/2.6.4/org.eclipse.persistence.core-2.6.4.pom
2017-11-19 14:48:54,430 [Worker-127] INFO  o.e.m.c.i.e.AbstractTransferListenerAdapter - Downloading https://repo.maven.apache.org/maven2/org/eclipse/persistence/org.eclipse.persistence.asm/2.6.4/org.eclipse.persistence.asm-2.6.4.pom
2017-11-19 14:48:54,461 [Worker-127] INFO  o.e.m.c.i.e.AbstractTransferListenerAdapter - Downloaded https://repo.maven.apache.org/maven2/org/eclipse/persistence/org.eclipse.persistence.asm/2.6.4/org.eclipse.persistence.asm-2.6.4.pom
2017-11-19 14:48:54,493 [Worker-127] INFO  o.e.m.c.i.e.AbstractTransferListenerAdapter - Downloading https://repo.maven.apache.org/maven2/org/glassfish/javax.json/1.0.4/javax.json-1.0.4.pom
2017-11-19 14:48:54,524 [Worker-127] INFO  o.e.m.c.i.e.AbstractTransferListenerAdapter - Downloaded https://repo.maven.apache.org/maven2/org/glassfish/javax.json/1.0.4/javax.json-1.0.4.pom
2017-11-19 14:48:54,555 [Worker-127] INFO  o.e.m.c.i.e.AbstractTransferListenerAdapter - Downloading https://repo.maven.apache.org/maven2/org/glassfish/json/1.0.4/json-1.0.4.pom
2017-11-19 14:48:54,571 [Worker-127] INFO  o.e.m.c.i.e.AbstractTransferListenerAdapter - Downloaded https://repo.maven.apache.org/maven2/org/glassfish/json/1.0.4/json-1.0.4.pom
2017-11-19 14:48:54,900 [Worker-127] INFO  o.e.m.c.i.e.AbstractTransferListenerAdapter - Downloading https://repo.maven.apache.org/maven2/org/glassfish/jersey/media/jersey-media-moxy/2.26/jersey-media-moxy-2.26.jar
2017-11-19 14:48:54,947 [Worker-127] INFO  o.e.m.c.i.e.AbstractTransferListenerAdapter - Downloaded https://repo.maven.apache.org/maven2/org/glassfish/jersey/media/jersey-media-moxy/2.26/jersey-media-moxy-2.26.jar
2017-11-19 14:48:54,963 [Worker-127] INFO  o.e.m.c.i.e.AbstractTransferListenerAdapter - Downloading https://repo.maven.apache.org/maven2/org/glassfish/jersey/core/jersey-common/2.25.1/jersey-common-2.25.1.jar
2017-11-19 14:48:55,150 [Worker-127] INFO  o.e.m.c.i.e.AbstractTransferListenerAdapter - Downloaded https://repo.maven.apache.org/maven2/org/glassfish/jersey/core/jersey-common/2.25.1/jersey-common-2.25.1.jar
2017-11-19 14:48:55,165 [Worker-127] INFO  o.e.m.c.i.e.AbstractTransferListenerAdapter - Downloading https://repo.maven.apache.org/maven2/javax/annotation/javax.annotation-api/1.2/javax.annotation-api-1.2.jar
2017-11-19 14:48:55,197 [Worker-127] INFO  o.e.m.c.i.e.AbstractTransferListenerAdapter - Downloaded https://repo.maven.apache.org/maven2/javax/annotation/javax.annotation-api/1.2/javax.annotation-api-1.2.jar
2017-11-19 14:48:55,243 [Worker-127] INFO  o.e.m.c.i.e.AbstractTransferListenerAdapter - Downloading https://repo.maven.apache.org/maven2/org/glassfish/jersey/bundles/repackaged/jersey-guava/2.25.1/jersey-guava-2.25.1.jar
2017-11-19 14:48:55,431 [Worker-127] INFO  o.e.m.c.i.e.AbstractTransferListenerAdapter - Downloaded https://repo.maven.apache.org/maven2/org/glassfish/jersey/bundles/repackaged/jersey-guava/2.25.1/jersey-guava-2.25.1.jar
2017-11-19 14:48:55,446 [Worker-127] INFO  o.e.m.c.i.e.AbstractTransferListenerAdapter - Downloading https://repo.maven.apache.org/maven2/org/glassfish/hk2/hk2-api/2.5.0-b32/hk2-api-2.5.0-b32.jar
2017-11-19 14:48:55,524 [Worker-127] INFO  o.e.m.c.i.e.AbstractTransferListenerAdapter - Downloaded https://repo.maven.apache.org/maven2/org/glassfish/hk2/hk2-api/2.5.0-b32/hk2-api-2.5.0-b32.jar
2017-11-19 14:48:55,540 [Worker-127] INFO  o.e.m.c.i.e.AbstractTransferListenerAdapter - Downloading https://repo.maven.apache.org/maven2/org/glassfish/hk2/hk2-utils/2.5.0-b32/hk2-utils-2.5.0-b32.jar
2017-11-19 14:48:55,587 [Worker-127] INFO  o.e.m.c.i.e.AbstractTransferListenerAdapter - Downloaded https://repo.maven.apache.org/maven2/org/glassfish/hk2/hk2-utils/2.5.0-b32/hk2-utils-2.5.0-b32.jar
2017-11-19 14:48:55,602 [Worker-127] INFO  o.e.m.c.i.e.AbstractTransferListenerAdapter - Downloading https://repo.maven.apache.org/maven2/org/glassfish/hk2/external/aopalliance-repackaged/2.5.0-b32/aopalliance-repackaged-2.5.0-b32.jar
2017-11-19 14:48:55,633 [Worker-127] INFO  o.e.m.c.i.e.AbstractTransferListenerAdapter - Downloaded https://repo.maven.apache.org/maven2/org/glassfish/hk2/external/aopalliance-repackaged/2.5.0-b32/aopalliance-repackaged-2.5.0-b32.jar
2017-11-19 14:48:55,649 [Worker-127] INFO  o.e.m.c.i.e.AbstractTransferListenerAdapter - Downloading https://repo.maven.apache.org/maven2/org/glassfish/hk2/external/javax.inject/2.5.0-b32/javax.inject-2.5.0-b32.jar
2017-11-19 14:48:55,680 [Worker-127] INFO  o.e.m.c.i.e.AbstractTransferListenerAdapter - Downloaded https://repo.maven.apache.org/maven2/org/glassfish/hk2/external/javax.inject/2.5.0-b32/javax.inject-2.5.0-b32.jar
2017-11-19 14:48:55,696 [Worker-127] INFO  o.e.m.c.i.e.AbstractTransferListenerAdapter - Downloading https://repo.maven.apache.org/maven2/org/glassfish/hk2/hk2-locator/2.5.0-b32/hk2-locator-2.5.0-b32.jar
2017-11-19 14:48:55,758 [Worker-127] INFO  o.e.m.c.i.e.AbstractTransferListenerAdapter - Downloaded https://repo.maven.apache.org/maven2/org/glassfish/hk2/hk2-locator/2.5.0-b32/hk2-locator-2.5.0-b32.jar
2017-11-19 14:48:55,797 [Worker-127] INFO  o.e.m.c.i.e.AbstractTransferListenerAdapter - Downloading https://repo.maven.apache.org/maven2/org/javassist/javassist/3.21.0-GA/javassist-3.21.0-GA.jar
2017-11-19 14:48:55,968 [Worker-127] INFO  o.e.m.c.i.e.AbstractTransferListenerAdapter - Downloaded https://repo.maven.apache.org/maven2/org/javassist/javassist/3.21.0-GA/javassist-3.21.0-GA.jar
2017-11-19 14:48:55,984 [Worker-127] INFO  o.e.m.c.i.e.AbstractTransferListenerAdapter - Downloading https://repo.maven.apache.org/maven2/org/glassfish/hk2/osgi-resource-locator/1.0.1/osgi-resource-locator-1.0.1.jar
2017-11-19 14:48:56,027 [Worker-127] INFO  o.e.m.c.i.e.AbstractTransferListenerAdapter - Downloaded https://repo.maven.apache.org/maven2/org/glassfish/hk2/osgi-resource-locator/1.0.1/osgi-resource-locator-1.0.1.jar
2017-11-19 14:48:56,058 [Worker-127] INFO  o.e.m.c.i.e.AbstractTransferListenerAdapter - Downloading https://repo.maven.apache.org/maven2/org/glassfish/jersey/ext/jersey-entity-filtering/2.25.1/jersey-entity-filtering-2.25.1.jar
2017-11-19 14:48:56,091 [Worker-127] INFO  o.e.m.c.i.e.AbstractTransferListenerAdapter - Downloaded https://repo.maven.apache.org/maven2/org/glassfish/jersey/ext/jersey-entity-filtering/2.25.1/jersey-entity-filtering-2.25.1.jar
2017-11-19 14:48:56,133 [Worker-127] INFO  o.e.m.c.i.e.AbstractTransferListenerAdapter - Downloading https://repo.maven.apache.org/maven2/org/eclipse/persistence/org.eclipse.persistence.moxy/2.6.4/org.eclipse.persistence.moxy-2.6.4.jar
2017-11-19 14:48:56,246 [Worker-127] INFO  o.e.m.c.i.e.AbstractTransferListenerAdapter - Downloaded https://repo.maven.apache.org/maven2/org/eclipse/persistence/org.eclipse.persistence.moxy/2.6.4/org.eclipse.persistence.moxy-2.6.4.jar
2017-11-19 14:48:56,262 [Worker-127] INFO  o.e.m.c.i.e.AbstractTransferListenerAdapter - Downloading https://repo.maven.apache.org/maven2/org/eclipse/persistence/org.eclipse.persistence.core/2.6.4/org.eclipse.persistence.core-2.6.4.jar
2017-11-19 14:48:56,952 [Worker-127] INFO  o.e.m.c.i.e.AbstractTransferListenerAdapter - Downloaded https://repo.maven.apache.org/maven2/org/eclipse/persistence/org.eclipse.persistence.core/2.6.4/org.eclipse.persistence.core-2.6.4.jar
2017-11-19 14:48:56,988 [Worker-127] INFO  o.e.m.c.i.e.AbstractTransferListenerAdapter - Downloading https://repo.maven.apache.org/maven2/org/eclipse/persistence/org.eclipse.persistence.asm/2.6.4/org.eclipse.persistence.asm-2.6.4.jar
2017-11-19 14:48:57,046 [Worker-127] INFO  o.e.m.c.i.e.AbstractTransferListenerAdapter - Downloaded https://repo.maven.apache.org/maven2/org/eclipse/persistence/org.eclipse.persistence.asm/2.6.4/org.eclipse.persistence.asm-2.6.4.jar
2017-11-19 14:48:57,074 [Worker-127] INFO  o.e.m.c.i.e.AbstractTransferListenerAdapter - Downloading https://repo.maven.apache.org/maven2/org/glassfish/javax.json/1.0.4/javax.json-1.0.4.jar
2017-11-19 14:48:57,125 [Worker-127] INFO  o.e.m.c.i.e.AbstractTransferListenerAdapter - Downloaded https://repo.maven.apache.org/maven2/org/glassfish/javax.json/1.0.4/javax.json-1.0.4.jar
2017-11-19 14:48:59,760 [Worker-127] INFO  o.e.m.c.i.embedder.EclipseLogger - Using 'UTF-8' encoding to copy filtered resources.
2017-11-19 14:48:59,760 [Worker-127] INFO  o.e.m.c.i.embedder.EclipseLogger - skip non existing resourceDirectory C:\Users\amynam\Documents\GitHub\IPY_I-Peek-You\ipyservices\ipyservices\src\main\resources
2017-11-19 14:48:59,761 [Worker-127] INFO  o.e.m.c.i.embedder.EclipseLogger - skip non existing resourceDirectory C:\Users\amynam\Documents\GitHub\IPY_I-Peek-You\ipyservices\ipyservices\src\main\resources
2017-11-19 14:48:59,764 [Worker-127] INFO  o.e.m.c.i.embedder.EclipseLogger - Using 'UTF-8' encoding to copy filtered resources.
2017-11-19 14:48:59,764 [Worker-127] INFO  o.e.m.c.i.embedder.EclipseLogger - skip non existing resourceDirectory C:\Users\amynam\Documents\GitHub\IPY_I-Peek-You\ipyservices\ipyservices\src\test\resources
2017-11-19 14:49:03,565 [Worker-125] INFO  o.e.m.c.i.embedder.EclipseLogger - Using 'UTF-8' encoding to copy filtered resources.
2017-11-19 14:49:03,566 [Worker-125] INFO  o.e.m.c.i.embedder.EclipseLogger - skip non existing resourceDirectory C:\Users\amynam\Documents\GitHub\IPY_I-Peek-You\ipyservices\ipyservices\src\main\resources
2017-11-19 14:49:03,570 [Worker-125] INFO  o.e.m.c.i.embedder.EclipseLogger - skip non existing resourceDirectory C:\Users\amynam\Documents\GitHub\IPY_I-Peek-You\ipyservices\ipyservices\src\main\resources
2017-11-19 14:49:03,575 [Worker-125] INFO  o.e.m.c.i.embedder.EclipseLogger - Using 'UTF-8' encoding to copy filtered resources.
2017-11-19 14:49:03,575 [Worker-125] INFO  o.e.m.c.i.embedder.EclipseLogger - skip non existing resourceDirectory C:\Users\amynam\Documents\GitHub\IPY_I-Peek-You\ipyservices\ipyservices\src\test\resources
2017-11-19 14:51:47,114 [Worker-124] INFO  o.e.m.c.i.embedder.EclipseLogger - Using 'UTF-8' encoding to copy filtered resources.
2017-11-19 14:51:47,115 [Worker-124] INFO  o.e.m.c.i.embedder.EclipseLogger - skip non existing resourceDirectory C:\Users\amynam\Documents\GitHub\IPY_I-Peek-You\ipyservices\ipyservices\src\main\resources
2017-11-19 14:51:47,115 [Worker-124] INFO  o.e.m.c.i.embedder.EclipseLogger - skip non existing resourceDirectory C:\Users\amynam\Documents\GitHub\IPY_I-Peek-You\ipyservices\ipyservices\src\main\resources
2017-11-19 14:51:47,117 [Worker-124] INFO  o.e.m.c.i.embedder.EclipseLogger - Using 'UTF-8' encoding to copy filtered resources.
2017-11-19 14:51:47,117 [Worker-124] INFO  o.e.m.c.i.embedder.EclipseLogger - skip non existing resourceDirectory C:\Users\amynam\Documents\GitHub\IPY_I-Peek-You\ipyservices\ipyservices\src\test\resources
2017-11-19 14:56:40,223 [Worker-137] INFO  o.e.m.c.i.embedder.EclipseLogger - Using 'UTF-8' encoding to copy filtered resources.
2017-11-19 14:56:40,224 [Worker-137] INFO  o.e.m.c.i.embedder.EclipseLogger - skip non existing resourceDirectory C:\Users\amynam\Documents\GitHub\IPY_I-Peek-You\ipyservices\ipyservices\src\main\resources
2017-11-19 14:56:40,224 [Worker-137] INFO  o.e.m.c.i.embedder.EclipseLogger - skip non existing resourceDirectory C:\Users\amynam\Documents\GitHub\IPY_I-Peek-You\ipyservices\ipyservices\src\main\resources
2017-11-19 14:56:40,227 [Worker-137] INFO  o.e.m.c.i.embedder.EclipseLogger - Using 'UTF-8' encoding to copy filtered resources.
2017-11-19 14:56:40,227 [Worker-137] INFO  o.e.m.c.i.embedder.EclipseLogger - skip non existing resourceDirectory C:\Users\amynam\Documents\GitHub\IPY_I-Peek-You\ipyservices\ipyservices\src\test\resources
2017-11-19 14:57:20,294 [Worker-136] INFO  o.e.m.c.i.embedder.EclipseLogger - Using 'UTF-8' encoding to copy filtered resources.
2017-11-19 14:57:20,295 [Worker-136] INFO  o.e.m.c.i.embedder.EclipseLogger - skip non existing resourceDirectory C:\Users\amynam\Documents\GitHub\IPY_I-Peek-You\ipyservices\ipyservices\src\main\resources
2017-11-19 14:57:20,295 [Worker-136] INFO  o.e.m.c.i.embedder.EclipseLogger - skip non existing resourceDirectory C:\Users\amynam\Documents\GitHub\IPY_I-Peek-You\ipyservices\ipyservices\src\main\resources
2017-11-19 14:57:20,297 [Worker-136] INFO  o.e.m.c.i.embedder.EclipseLogger - Using 'UTF-8' encoding to copy filtered resources.
2017-11-19 14:57:20,298 [Worker-136] INFO  o.e.m.c.i.embedder.EclipseLogger - skip non existing resourceDirectory C:\Users\amynam\Documents\GitHub\IPY_I-Peek-You\ipyservices\ipyservices\src\test\resources
2017-11-19 14:57:40,846 [Worker-140] INFO  o.e.m.c.i.embedder.EclipseLogger - Using 'UTF-8' encoding to copy filtered resources.
2017-11-19 14:57:40,846 [Worker-140] INFO  o.e.m.c.i.embedder.EclipseLogger - skip non existing resourceDirectory C:\Users\amynam\Documents\GitHub\IPY_I-Peek-You\ipyservices\ipyservices\src\main\resources
2017-11-19 14:57:40,856 [Worker-140] INFO  o.e.m.c.i.embedder.EclipseLogger - skip non existing resourceDirectory C:\Users\amynam\Documents\GitHub\IPY_I-Peek-You\ipyservices\ipyservices\src\main\resources
2017-11-19 14:57:40,858 [Worker-140] INFO  o.e.m.c.i.embedder.EclipseLogger - Using 'UTF-8' encoding to copy filtered resources.
2017-11-19 14:57:40,858 [Worker-140] INFO  o.e.m.c.i.embedder.EclipseLogger - skip non existing resourceDirectory C:\Users\amynam\Documents\GitHub\IPY_I-Peek-You\ipyservices\ipyservices\src\test\resources
2017-11-19 14:57:51,642 [Worker-140] INFO  o.e.m.c.i.embedder.EclipseLogger - Using 'UTF-8' encoding to copy filtered resources.
2017-11-19 14:57:51,642 [Worker-140] INFO  o.e.m.c.i.embedder.EclipseLogger - skip non existing resourceDirectory C:\Users\amynam\Documents\GitHub\IPY_I-Peek-You\ipyservices\ipyservices\src\main\resources
2017-11-19 14:57:51,642 [Worker-140] INFO  o.e.m.c.i.embedder.EclipseLogger - skip non existing resourceDirectory C:\Users\amynam\Documents\GitHub\IPY_I-Peek-You\ipyservices\ipyservices\src\main\resources
2017-11-19 14:57:51,644 [Worker-140] INFO  o.e.m.c.i.embedder.EclipseLogger - Using 'UTF-8' encoding to copy filtered resources.
2017-11-19 14:57:51,644 [Worker-140] INFO  o.e.m.c.i.embedder.EclipseLogger - skip non existing resourceDirectory C:\Users\amynam\Documents\GitHub\IPY_I-Peek-You\ipyservices\ipyservices\src\test\resources
2017-11-19 14:58:14,472 [Worker-137] INFO  o.e.m.c.i.embedder.EclipseLogger - Using 'UTF-8' encoding to copy filtered resources.
2017-11-19 14:58:14,473 [Worker-137] INFO  o.e.m.c.i.embedder.EclipseLogger - skip non existing resourceDirectory C:\Users\amynam\Documents\GitHub\IPY_I-Peek-You\ipyservices\ipyservices\src\main\resources
2017-11-19 14:58:14,473 [Worker-137] INFO  o.e.m.c.i.embedder.EclipseLogger - skip non existing resourceDirectory C:\Users\amynam\Documents\GitHub\IPY_I-Peek-You\ipyservices\ipyservices\src\main\resources
2017-11-19 14:58:14,476 [Worker-137] INFO  o.e.m.c.i.embedder.EclipseLogger - Using 'UTF-8' encoding to copy filtered resources.
2017-11-19 14:58:14,476 [Worker-137] INFO  o.e.m.c.i.embedder.EclipseLogger - skip non existing resourceDirectory C:\Users\amynam\Documents\GitHub\IPY_I-Peek-You\ipyservices\ipyservices\src\test\resources
2017-11-19 14:58:50,466 [Worker-135] INFO  o.e.m.c.i.embedder.EclipseLogger - Using 'UTF-8' encoding to copy filtered resources.
2017-11-19 14:58:50,466 [Worker-135] INFO  o.e.m.c.i.embedder.EclipseLogger - skip non existing resourceDirectory C:\Users\amynam\Documents\GitHub\IPY_I-Peek-You\ipyservices\ipyservices\src\main\resources
2017-11-19 14:58:50,467 [Worker-135] INFO  o.e.m.c.i.embedder.EclipseLogger - skip non existing resourceDirectory C:\Users\amynam\Documents\GitHub\IPY_I-Peek-You\ipyservices\ipyservices\src\main\resources
2017-11-19 14:58:50,470 [Worker-135] INFO  o.e.m.c.i.embedder.EclipseLogger - Using 'UTF-8' encoding to copy filtered resources.
2017-11-19 14:58:50,471 [Worker-135] INFO  o.e.m.c.i.embedder.EclipseLogger - skip non existing resourceDirectory C:\Users\amynam\Documents\GitHub\IPY_I-Peek-You\ipyservices\ipyservices\src\test\resources
2017-11-19 14:59:26,756 [Worker-139] INFO  o.e.m.c.i.embedder.EclipseLogger - Using 'UTF-8' encoding to copy filtered resources.
2017-11-19 14:59:26,757 [Worker-139] INFO  o.e.m.c.i.embedder.EclipseLogger - skip non existing resourceDirectory C:\Users\amynam\Documents\GitHub\IPY_I-Peek-You\ipyservices\ipyservices\src\main\resources
2017-11-19 14:59:26,757 [Worker-139] INFO  o.e.m.c.i.embedder.EclipseLogger - skip non existing resourceDirectory C:\Users\amynam\Documents\GitHub\IPY_I-Peek-You\ipyservices\ipyservices\src\main\resources
2017-11-19 14:59:26,760 [Worker-139] INFO  o.e.m.c.i.embedder.EclipseLogger - Using 'UTF-8' encoding to copy filtered resources.
2017-11-19 14:59:26,760 [Worker-139] INFO  o.e.m.c.i.embedder.EclipseLogger - skip non existing resourceDirectory C:\Users\amynam\Documents\GitHub\IPY_I-Peek-You\ipyservices\ipyservices\src\test\resources
2017-11-19 15:00:40,118 [Worker-137] INFO  o.e.m.c.i.embedder.EclipseLogger - Using 'UTF-8' encoding to copy filtered resources.
2017-11-19 15:00:40,118 [Worker-137] INFO  o.e.m.c.i.embedder.EclipseLogger - skip non existing resourceDirectory C:\Users\amynam\Documents\GitHub\IPY_I-Peek-You\ipyservices\ipyservices\src\main\resources
2017-11-19 15:00:40,118 [Worker-137] INFO  o.e.m.c.i.embedder.EclipseLogger - skip non existing resourceDirectory C:\Users\amynam\Documents\GitHub\IPY_I-Peek-You\ipyservices\ipyservices\src\main\resources
2017-11-19 15:00:40,120 [Worker-137] INFO  o.e.m.c.i.embedder.EclipseLogger - Using 'UTF-8' encoding to copy filtered resources.
2017-11-19 15:00:40,120 [Worker-137] INFO  o.e.m.c.i.embedder.EclipseLogger - skip non existing resourceDirectory C:\Users\amynam\Documents\GitHub\IPY_I-Peek-You\ipyservices\ipyservices\src\test\resources
2017-11-19 15:03:09,381 [Worker-139] INFO  o.e.m.c.i.embedder.EclipseLogger - Using 'UTF-8' encoding to copy filtered resources.
2017-11-19 15:03:09,383 [Worker-139] INFO  o.e.m.c.i.embedder.EclipseLogger - skip non existing resourceDirectory C:\Users\amynam\Documents\GitHub\IPY_I-Peek-You\ipyservices\ipyservices\src\main\resources
2017-11-19 15:03:09,383 [Worker-139] INFO  o.e.m.c.i.embedder.EclipseLogger - skip non existing resourceDirectory C:\Users\amynam\Documents\GitHub\IPY_I-Peek-You\ipyservices\ipyservices\src\main\resources
2017-11-19 15:03:09,385 [Worker-139] INFO  o.e.m.c.i.embedder.EclipseLogger - Using 'UTF-8' encoding to copy filtered resources.
2017-11-19 15:03:09,385 [Worker-139] INFO  o.e.m.c.i.embedder.EclipseLogger - skip non existing resourceDirectory C:\Users\amynam\Documents\GitHub\IPY_I-Peek-You\ipyservices\ipyservices\src\test\resources
2017-11-19 15:09:48,835 [Worker-145] INFO  o.e.m.c.i.embedder.EclipseLogger - Using 'UTF-8' encoding to copy filtered resources.
2017-11-19 15:09:48,835 [Worker-145] INFO  o.e.m.c.i.embedder.EclipseLogger - skip non existing resourceDirectory C:\Users\amynam\Documents\GitHub\IPY_I-Peek-You\ipyservices\ipyservices\src\main\resources
2017-11-19 15:09:48,835 [Worker-145] INFO  o.e.m.c.i.embedder.EclipseLogger - skip non existing resourceDirectory C:\Users\amynam\Documents\GitHub\IPY_I-Peek-You\ipyservices\ipyservices\src\main\resources
2017-11-19 15:09:48,835 [Worker-145] INFO  o.e.m.c.i.embedder.EclipseLogger - Using 'UTF-8' encoding to copy filtered resources.
2017-11-19 15:09:48,835 [Worker-145] INFO  o.e.m.c.i.embedder.EclipseLogger - skip non existing resourceDirectory C:\Users\amynam\Documents\GitHub\IPY_I-Peek-You\ipyservices\ipyservices\src\test\resources
2017-11-19 15:09:55,119 [Worker-139] INFO  o.e.m.c.i.embedder.EclipseLogger - Using 'UTF-8' encoding to copy filtered resources.
2017-11-19 15:09:55,119 [Worker-139] INFO  o.e.m.c.i.embedder.EclipseLogger - skip non existing resourceDirectory C:\Users\amynam\Documents\GitHub\IPY_I-Peek-You\ipyservices\ipyservices\src\main\resources
2017-11-19 15:09:55,119 [Worker-139] INFO  o.e.m.c.i.embedder.EclipseLogger - skip non existing resourceDirectory C:\Users\amynam\Documents\GitHub\IPY_I-Peek-You\ipyservices\ipyservices\src\main\resources
2017-11-19 15:09:55,121 [Worker-139] INFO  o.e.m.c.i.embedder.EclipseLogger - Using 'UTF-8' encoding to copy filtered resources.
2017-11-19 15:09:55,121 [Worker-139] INFO  o.e.m.c.i.embedder.EclipseLogger - skip non existing resourceDirectory C:\Users\amynam\Documents\GitHub\IPY_I-Peek-You\ipyservices\ipyservices\src\test\resources
2017-11-19 15:10:31,862 [Worker-139] INFO  o.e.m.c.i.embedder.EclipseLogger - Using 'UTF-8' encoding to copy filtered resources.
2017-11-19 15:10:31,862 [Worker-139] INFO  o.e.m.c.i.embedder.EclipseLogger - skip non existing resourceDirectory C:\Users\amynam\Documents\GitHub\IPY_I-Peek-You\ipyservices\ipyservices\src\main\resources
2017-11-19 15:10:31,862 [Worker-139] INFO  o.e.m.c.i.embedder.EclipseLogger - skip non existing resourceDirectory C:\Users\amynam\Documents\GitHub\IPY_I-Peek-You\ipyservices\ipyservices\src\main\resources
2017-11-19 15:10:31,862 [Worker-139] INFO  o.e.m.c.i.embedder.EclipseLogger - Using 'UTF-8' encoding to copy filtered resources.
2017-11-19 15:10:31,862 [Worker-139] INFO  o.e.m.c.i.embedder.EclipseLogger - skip non existing resourceDirectory C:\Users\amynam\Documents\GitHub\IPY_I-Peek-You\ipyservices\ipyservices\src\test\resources
2017-11-19 15:11:11,723 [Worker-148] INFO  o.e.m.c.i.embedder.EclipseLogger - Using 'UTF-8' encoding to copy filtered resources.
2017-11-19 15:11:11,723 [Worker-148] INFO  o.e.m.c.i.embedder.EclipseLogger - skip non existing resourceDirectory C:\Users\amynam\Documents\GitHub\IPY_I-Peek-You\ipyservices\ipyservices\src\main\resources
2017-11-19 15:11:11,723 [Worker-148] INFO  o.e.m.c.i.embedder.EclipseLogger - skip non existing resourceDirectory C:\Users\amynam\Documents\GitHub\IPY_I-Peek-You\ipyservices\ipyservices\src\main\resources
2017-11-19 15:11:11,723 [Worker-148] INFO  o.e.m.c.i.embedder.EclipseLogger - Using 'UTF-8' encoding to copy filtered resources.
2017-11-19 15:11:11,723 [Worker-148] INFO  o.e.m.c.i.embedder.EclipseLogger - skip non existing resourceDirectory C:\Users\amynam\Documents\GitHub\IPY_I-Peek-You\ipyservices\ipyservices\src\test\resources
2017-11-19 15:12:26,500 [Worker-140] INFO  o.e.m.c.i.embedder.EclipseLogger - Using 'UTF-8' encoding to copy filtered resources.
2017-11-19 15:12:26,500 [Worker-140] INFO  o.e.m.c.i.embedder.EclipseLogger - skip non existing resourceDirectory C:\Users\amynam\Documents\GitHub\IPY_I-Peek-You\ipyservices\ipyservices\src\main\resources
2017-11-19 15:12:26,500 [Worker-140] INFO  o.e.m.c.i.embedder.EclipseLogger - skip non existing resourceDirectory C:\Users\amynam\Documents\GitHub\IPY_I-Peek-You\ipyservices\ipyservices\src\main\resources
2017-11-19 15:12:26,502 [Worker-140] INFO  o.e.m.c.i.embedder.EclipseLogger - Using 'UTF-8' encoding to copy filtered resources.
2017-11-19 15:12:26,502 [Worker-140] INFO  o.e.m.c.i.embedder.EclipseLogger - skip non existing resourceDirectory C:\Users\amynam\Documents\GitHub\IPY_I-Peek-You\ipyservices\ipyservices\src\test\resources
2017-11-19 15:14:23,230 [Worker-145] INFO  o.e.m.c.i.embedder.EclipseLogger - Using 'UTF-8' encoding to copy filtered resources.
2017-11-19 15:14:23,230 [Worker-145] INFO  o.e.m.c.i.embedder.EclipseLogger - skip non existing resourceDirectory C:\Users\amynam\Documents\GitHub\IPY_I-Peek-You\ipyservices\ipyservices\src\main\resources
2017-11-19 15:14:23,231 [Worker-145] INFO  o.e.m.c.i.embedder.EclipseLogger - skip non existing resourceDirectory C:\Users\amynam\Documents\GitHub\IPY_I-Peek-You\ipyservices\ipyservices\src\main\resources
2017-11-19 15:14:23,233 [Worker-145] INFO  o.e.m.c.i.embedder.EclipseLogger - Using 'UTF-8' encoding to copy filtered resources.
2017-11-19 15:14:23,233 [Worker-145] INFO  o.e.m.c.i.embedder.EclipseLogger - skip non existing resourceDirectory C:\Users\amynam\Documents\GitHub\IPY_I-Peek-You\ipyservices\ipyservices\src\test\resources
2017-11-19 15:17:27,618 [Worker-152] INFO  o.e.m.c.i.embedder.EclipseLogger - Using 'UTF-8' encoding to copy filtered resources.
2017-11-19 15:17:27,618 [Worker-152] INFO  o.e.m.c.i.embedder.EclipseLogger - skip non existing resourceDirectory C:\Users\amynam\Documents\GitHub\IPY_I-Peek-You\ipyservices\ipyservices\src\main\resources
2017-11-19 15:17:27,618 [Worker-152] INFO  o.e.m.c.i.embedder.EclipseLogger - skip non existing resourceDirectory C:\Users\amynam\Documents\GitHub\IPY_I-Peek-You\ipyservices\ipyservices\src\main\resources
2017-11-19 15:17:27,620 [Worker-152] INFO  o.e.m.c.i.embedder.EclipseLogger - Using 'UTF-8' encoding to copy filtered resources.
2017-11-19 15:17:27,620 [Worker-152] INFO  o.e.m.c.i.embedder.EclipseLogger - skip non existing resourceDirectory C:\Users\amynam\Documents\GitHub\IPY_I-Peek-You\ipyservices\ipyservices\src\test\resources
2017-11-19 15:18:43,132 [Worker-153] INFO  o.e.m.c.i.embedder.EclipseLogger - Using 'UTF-8' encoding to copy filtered resources.
2017-11-19 15:18:43,132 [Worker-153] INFO  o.e.m.c.i.embedder.EclipseLogger - skip non existing resourceDirectory C:\Users\amynam\Documents\GitHub\IPY_I-Peek-You\ipyservices\ipyservices\src\main\resources
2017-11-19 15:18:43,133 [Worker-153] INFO  o.e.m.c.i.embedder.EclipseLogger - skip non existing resourceDirectory C:\Users\amynam\Documents\GitHub\IPY_I-Peek-You\ipyservices\ipyservices\src\main\resources
2017-11-19 15:18:43,136 [Worker-153] INFO  o.e.m.c.i.embedder.EclipseLogger - Using 'UTF-8' encoding to copy filtered resources.
2017-11-19 15:18:43,136 [Worker-153] INFO  o.e.m.c.i.embedder.EclipseLogger - skip non existing resourceDirectory C:\Users\amynam\Documents\GitHub\IPY_I-Peek-You\ipyservices\ipyservices\src\test\resources
2017-11-19 15:19:04,378 [Worker-153] INFO  o.e.m.c.i.embedder.EclipseLogger - Using 'UTF-8' encoding to copy filtered resources.
2017-11-19 15:19:04,378 [Worker-153] INFO  o.e.m.c.i.embedder.EclipseLogger - skip non existing resourceDirectory C:\Users\amynam\Documents\GitHub\IPY_I-Peek-You\ipyservices\ipyservices\src\main\resources
2017-11-19 15:19:04,378 [Worker-153] INFO  o.e.m.c.i.embedder.EclipseLogger - skip non existing resourceDirectory C:\Users\amynam\Documents\GitHub\IPY_I-Peek-You\ipyservices\ipyservices\src\main\resources
2017-11-19 15:19:04,380 [Worker-153] INFO  o.e.m.c.i.embedder.EclipseLogger - Using 'UTF-8' encoding to copy filtered resources.
2017-11-19 15:19:04,381 [Worker-153] INFO  o.e.m.c.i.embedder.EclipseLogger - skip non existing resourceDirectory C:\Users\amynam\Documents\GitHub\IPY_I-Peek-You\ipyservices\ipyservices\src\test\resources
2017-11-19 15:19:21,610 [Worker-154] INFO  o.e.m.c.i.embedder.EclipseLogger - Using 'UTF-8' encoding to copy filtered resources.
2017-11-19 15:19:21,610 [Worker-154] INFO  o.e.m.c.i.embedder.EclipseLogger - skip non existing resourceDirectory C:\Users\amynam\Documents\GitHub\IPY_I-Peek-You\ipyservices\ipyservices\src\main\resources
2017-11-19 15:19:21,610 [Worker-154] INFO  o.e.m.c.i.embedder.EclipseLogger - skip non existing resourceDirectory C:\Users\amynam\Documents\GitHub\IPY_I-Peek-You\ipyservices\ipyservices\src\main\resources
2017-11-19 15:19:21,612 [Worker-154] INFO  o.e.m.c.i.embedder.EclipseLogger - Using 'UTF-8' encoding to copy filtered resources.
2017-11-19 15:19:21,613 [Worker-154] INFO  o.e.m.c.i.embedder.EclipseLogger - skip non existing resourceDirectory C:\Users\amynam\Documents\GitHub\IPY_I-Peek-You\ipyservices\ipyservices\src\test\resources
2017-11-19 15:20:01,222 [Worker-153] INFO  o.e.m.c.i.embedder.EclipseLogger - Using 'UTF-8' encoding to copy filtered resources.
2017-11-19 15:20:01,222 [Worker-153] INFO  o.e.m.c.i.embedder.EclipseLogger - skip non existing resourceDirectory C:\Users\amynam\Documents\GitHub\IPY_I-Peek-You\ipyservices\ipyservices\src\main\resources
2017-11-19 15:20:01,222 [Worker-153] INFO  o.e.m.c.i.embedder.EclipseLogger - skip non existing resourceDirectory C:\Users\amynam\Documents\GitHub\IPY_I-Peek-You\ipyservices\ipyservices\src\main\resources
2017-11-19 15:20:01,224 [Worker-153] INFO  o.e.m.c.i.embedder.EclipseLogger - Using 'UTF-8' encoding to copy filtered resources.
2017-11-19 15:20:01,224 [Worker-153] INFO  o.e.m.c.i.embedder.EclipseLogger - skip non existing resourceDirectory C:\Users\amynam\Documents\GitHub\IPY_I-Peek-You\ipyservices\ipyservices\src\test\resources
2017-11-19 15:20:14,299 [Worker-152] INFO  o.e.m.c.i.embedder.EclipseLogger - Using 'UTF-8' encoding to copy filtered resources.
2017-11-19 15:20:14,299 [Worker-152] INFO  o.e.m.c.i.embedder.EclipseLogger - skip non existing resourceDirectory C:\Users\amynam\Documents\GitHub\IPY_I-Peek-You\ipyservices\ipyservices\src\main\resources
2017-11-19 15:20:14,299 [Worker-152] INFO  o.e.m.c.i.embedder.EclipseLogger - skip non existing resourceDirectory C:\Users\amynam\Documents\GitHub\IPY_I-Peek-You\ipyservices\ipyservices\src\main\resources
2017-11-19 15:20:14,302 [Worker-152] INFO  o.e.m.c.i.embedder.EclipseLogger - Using 'UTF-8' encoding to copy filtered resources.
2017-11-19 15:20:14,302 [Worker-152] INFO  o.e.m.c.i.embedder.EclipseLogger - skip non existing resourceDirectory C:\Users\amynam\Documents\GitHub\IPY_I-Peek-You\ipyservices\ipyservices\src\test\resources
2017-11-19 15:20:41,683 [Worker-154] INFO  o.e.m.c.i.embedder.EclipseLogger - Using 'UTF-8' encoding to copy filtered resources.
2017-11-19 15:20:41,683 [Worker-154] INFO  o.e.m.c.i.embedder.EclipseLogger - skip non existing resourceDirectory C:\Users\amynam\Documents\GitHub\IPY_I-Peek-You\ipyservices\ipyservices\src\main\resources
2017-11-19 15:20:41,684 [Worker-154] INFO  o.e.m.c.i.embedder.EclipseLogger - skip non existing resourceDirectory C:\Users\amynam\Documents\GitHub\IPY_I-Peek-You\ipyservices\ipyservices\src\main\resources
2017-11-19 15:20:41,686 [Worker-154] INFO  o.e.m.c.i.embedder.EclipseLogger - Using 'UTF-8' encoding to copy filtered resources.
2017-11-19 15:20:41,687 [Worker-154] INFO  o.e.m.c.i.embedder.EclipseLogger - skip non existing resourceDirectory C:\Users\amynam\Documents\GitHub\IPY_I-Peek-You\ipyservices\ipyservices\src\test\resources
2017-11-19 15:20:56,450 [Worker-152] INFO  o.e.m.c.i.embedder.EclipseLogger - Using 'UTF-8' encoding to copy filtered resources.
2017-11-19 15:20:56,450 [Worker-152] INFO  o.e.m.c.i.embedder.EclipseLogger - skip non existing resourceDirectory C:\Users\amynam\Documents\GitHub\IPY_I-Peek-You\ipyservices\ipyservices\src\main\resources
2017-11-19 15:20:56,451 [Worker-152] INFO  o.e.m.c.i.embedder.EclipseLogger - skip non existing resourceDirectory C:\Users\amynam\Documents\GitHub\IPY_I-Peek-You\ipyservices\ipyservices\src\main\resources
2017-11-19 15:20:56,452 [Worker-152] INFO  o.e.m.c.i.embedder.EclipseLogger - Using 'UTF-8' encoding to copy filtered resources.
2017-11-19 15:20:56,452 [Worker-152] INFO  o.e.m.c.i.embedder.EclipseLogger - skip non existing resourceDirectory C:\Users\amynam\Documents\GitHub\IPY_I-Peek-You\ipyservices\ipyservices\src\test\resources
2017-11-19 15:23:07,230 [Worker-154] INFO  o.e.m.c.i.embedder.EclipseLogger - Using 'UTF-8' encoding to copy filtered resources.
2017-11-19 15:23:07,230 [Worker-154] INFO  o.e.m.c.i.embedder.EclipseLogger - skip non existing resourceDirectory C:\Users\amynam\Documents\GitHub\IPY_I-Peek-You\ipyservices\ipyservices\src\main\resources
2017-11-19 15:23:07,230 [Worker-154] INFO  o.e.m.c.i.embedder.EclipseLogger - skip non existing resourceDirectory C:\Users\amynam\Documents\GitHub\IPY_I-Peek-You\ipyservices\ipyservices\src\main\resources
2017-11-19 15:23:07,232 [Worker-154] INFO  o.e.m.c.i.embedder.EclipseLogger - Using 'UTF-8' encoding to copy filtered resources.
2017-11-19 15:23:07,234 [Worker-154] INFO  o.e.m.c.i.embedder.EclipseLogger - skip non existing resourceDirectory C:\Users\amynam\Documents\GitHub\IPY_I-Peek-You\ipyservices\ipyservices\src\test\resources
2017-11-19 15:25:02,286 [Worker-157] INFO  o.e.m.c.i.embedder.EclipseLogger - Using 'UTF-8' encoding to copy filtered resources.
2017-11-19 15:25:02,286 [Worker-157] INFO  o.e.m.c.i.embedder.EclipseLogger - skip non existing resourceDirectory C:\Users\amynam\Documents\GitHub\IPY_I-Peek-You\ipyservices\ipyservices\src\main\resources
2017-11-19 15:25:02,287 [Worker-157] INFO  o.e.m.c.i.embedder.EclipseLogger - skip non existing resourceDirectory C:\Users\amynam\Documents\GitHub\IPY_I-Peek-You\ipyservices\ipyservices\src\main\resources
2017-11-19 15:25:02,288 [Worker-157] INFO  o.e.m.c.i.embedder.EclipseLogger - Using 'UTF-8' encoding to copy filtered resources.
2017-11-19 15:25:02,288 [Worker-157] INFO  o.e.m.c.i.embedder.EclipseLogger - skip non existing resourceDirectory C:\Users\amynam\Documents\GitHub\IPY_I-Peek-You\ipyservices\ipyservices\src\test\resources
2017-11-19 15:25:21,063 [Worker-155] INFO  o.e.m.c.i.embedder.EclipseLogger - Using 'UTF-8' encoding to copy filtered resources.
2017-11-19 15:25:21,063 [Worker-155] INFO  o.e.m.c.i.embedder.EclipseLogger - skip non existing resourceDirectory C:\Users\amynam\Documents\GitHub\IPY_I-Peek-You\ipyservices\ipyservices\src\main\resources
2017-11-19 15:25:21,064 [Worker-155] INFO  o.e.m.c.i.embedder.EclipseLogger - skip non existing resourceDirectory C:\Users\amynam\Documents\GitHub\IPY_I-Peek-You\ipyservices\ipyservices\src\main\resources
2017-11-19 15:25:21,066 [Worker-155] INFO  o.e.m.c.i.embedder.EclipseLogger - Using 'UTF-8' encoding to copy filtered resources.
2017-11-19 15:25:21,067 [Worker-155] INFO  o.e.m.c.i.embedder.EclipseLogger - skip non existing resourceDirectory C:\Users\amynam\Documents\GitHub\IPY_I-Peek-You\ipyservices\ipyservices\src\test\resources
2017-11-19 15:25:47,045 [Worker-144] INFO  o.e.m.c.i.embedder.EclipseLogger - Using 'UTF-8' encoding to copy filtered resources.
2017-11-19 15:25:47,046 [Worker-144] INFO  o.e.m.c.i.embedder.EclipseLogger - skip non existing resourceDirectory C:\Users\amynam\Documents\GitHub\IPY_I-Peek-You\ipyservices\ipyservices\src\main\resources
2017-11-19 15:25:47,046 [Worker-144] INFO  o.e.m.c.i.embedder.EclipseLogger - skip non existing resourceDirectory C:\Users\amynam\Documents\GitHub\IPY_I-Peek-You\ipyservices\ipyservices\src\main\resources
2017-11-19 15:25:47,048 [Worker-144] INFO  o.e.m.c.i.embedder.EclipseLogger - Using 'UTF-8' encoding to copy filtered resources.
2017-11-19 15:25:47,048 [Worker-144] INFO  o.e.m.c.i.embedder.EclipseLogger - skip non existing resourceDirectory C:\Users\amynam\Documents\GitHub\IPY_I-Peek-You\ipyservices\ipyservices\src\test\resources
2017-11-19 15:25:56,576 [Worker-159] INFO  o.e.m.c.i.embedder.EclipseLogger - Using 'UTF-8' encoding to copy filtered resources.
2017-11-19 15:25:56,576 [Worker-159] INFO  o.e.m.c.i.embedder.EclipseLogger - skip non existing resourceDirectory C:\Users\amynam\Documents\GitHub\IPY_I-Peek-You\ipyservices\ipyservices\src\main\resources
2017-11-19 15:25:56,576 [Worker-159] INFO  o.e.m.c.i.embedder.EclipseLogger - skip non existing resourceDirectory C:\Users\amynam\Documents\GitHub\IPY_I-Peek-You\ipyservices\ipyservices\src\main\resources
2017-11-19 15:25:56,578 [Worker-159] INFO  o.e.m.c.i.embedder.EclipseLogger - Using 'UTF-8' encoding to copy filtered resources.
2017-11-19 15:25:56,578 [Worker-159] INFO  o.e.m.c.i.embedder.EclipseLogger - skip non existing resourceDirectory C:\Users\amynam\Documents\GitHub\IPY_I-Peek-You\ipyservices\ipyservices\src\test\resources
2017-11-19 15:37:19,204 [Worker-179] INFO  o.e.m.c.i.embedder.EclipseLogger - Using 'UTF-8' encoding to copy filtered resources.
2017-11-19 15:37:19,204 [Worker-179] INFO  o.e.m.c.i.embedder.EclipseLogger - skip non existing resourceDirectory C:\Users\amynam\Documents\GitHub\IPY_I-Peek-You\ipyservices\ipyservices\src\main\resources
2017-11-19 15:37:19,204 [Worker-179] INFO  o.e.m.c.i.embedder.EclipseLogger - skip non existing resourceDirectory C:\Users\amynam\Documents\GitHub\IPY_I-Peek-You\ipyservices\ipyservices\src\main\resources
2017-11-19 15:37:19,206 [Worker-179] INFO  o.e.m.c.i.embedder.EclipseLogger - Using 'UTF-8' encoding to copy filtered resources.
2017-11-19 15:37:19,206 [Worker-179] INFO  o.e.m.c.i.embedder.EclipseLogger - skip non existing resourceDirectory C:\Users\amynam\Documents\GitHub\IPY_I-Peek-You\ipyservices\ipyservices\src\test\resources
